2017-07-24 12:18:55,677 [main] WARN  Sisu - Error injecting: org.apache.maven.archetype.downloader.DefaultDownloader
com.google.inject.ProvisionException: Guice provision errors:

1) No implementation for org.apache.maven.artifact.resolver.ArtifactResolver was bound.
  while locating org.apache.maven.archetype.downloader.DefaultDownloader

1 error
	at com.google.inject.internal.InjectorImpl$2.get(InjectorImpl.java:1006) [sisu-guice-3.1.3-no_aop.jar:3.1.3]
	at com.google.inject.internal.InjectorImpl.getInstance(InjectorImpl.java:1032) [sisu-guice-3.1.3-no_aop.jar:3.1.3]
	at org.eclipse.sisu.space.AbstractDeferredClass.get(AbstractDeferredClass.java:48) [org.eclipse.sisu.inject-0.0.0.M5.jar:na]
	at com.google.inject.internal.ProviderInternalFactory.provision(ProviderInternalFactory.java:86) [sisu-guice-3.1.3-no_aop.jar:3.1.3]
	at com.google.inject.internal.InternalFactoryToInitializableAdapter.provision(InternalFactoryToInitializableAdapter.java:55) [sisu-guice-3.1.3-no_aop.jar:3.1.3]
	at com.google.inject.internal.ProviderInternalFactory$1.call(ProviderInternalFactory.java:70) [sisu-guice-3.1.3-no_aop.jar:3.1.3]
	at com.google.inject.internal.ProvisionListenerStackCallback$Provision.provision(ProvisionListenerStackCallback.java:100) [sisu-guice-3.1.3-no_aop.jar:3.1.3]
	at com.google.inject.internal.ProvisionListenerStackCallback$Provision.provision(ProvisionListenerStackCallback.java:116) [sisu-guice-3.1.3-no_aop.jar:3.1.3]
	at com.google.inject.internal.ProvisionListenerStackCallback.provision(ProvisionListenerStackCallback.java:55) [sisu-guice-3.1.3-no_aop.jar:3.1.3]
	at com.google.inject.internal.ProviderInternalFactory.circularGet(ProviderInternalFactory.java:68) [sisu-guice-3.1.3-no_aop.jar:3.1.3]
	at com.google.inject.internal.InternalFactoryToInitializableAdapter.get(InternalFactoryToInitializableAdapter.java:47) [sisu-guice-3.1.3-no_aop.jar:3.1.3]
	at com.google.inject.internal.ProviderToInternalFactoryAdapter$1.call(ProviderToInternalFactoryAdapter.java:46) [sisu-guice-3.1.3-no_aop.jar:3.1.3]
	at com.google.inject.internal.InjectorImpl.callInContext(InjectorImpl.java:1054) [sisu-guice-3.1.3-no_aop.jar:3.1.3]
	at com.google.inject.internal.ProviderToInternalFactoryAdapter.get(ProviderToInternalFactoryAdapter.java:40) [sisu-guice-3.1.3-no_aop.jar:3.1.3]
	at com.google.inject.Scopes$1$1.get(Scopes.java:59) [sisu-guice-3.1.3-no_aop.jar:3.1.3]
	at com.google.inject.internal.InternalFactoryToProviderAdapter.get(InternalFactoryToProviderAdapter.java:41) [sisu-guice-3.1.3-no_aop.jar:3.1.3]
	at com.google.inject.internal.InjectorImpl$2$1.call(InjectorImpl.java:997) [sisu-guice-3.1.3-no_aop.jar:3.1.3]
	at com.google.inject.internal.InjectorImpl.callInContext(InjectorImpl.java:1054) [sisu-guice-3.1.3-no_aop.jar:3.1.3]
	at com.google.inject.internal.InjectorImpl$2.get(InjectorImpl.java:993) [sisu-guice-3.1.3-no_aop.jar:3.1.3]
	at org.eclipse.sisu.inject.LazyBeanEntry.getValue(LazyBeanEntry.java:82) [org.eclipse.sisu.inject-0.0.0.M5.jar:na]
	at org.eclipse.sisu.plexus.LazyPlexusBean.getValue(LazyPlexusBean.java:51) [org.eclipse.sisu.plexus-0.0.0.M5.jar:na]
	at org.eclipse.sisu.plexus.PlexusRequirements$RequirementProvider.get(PlexusRequirements.java:250) [org.eclipse.sisu.plexus-0.0.0.M5.jar:na]
	at org.eclipse.sisu.plexus.ProvidedPropertyBinding.injectProperty(ProvidedPropertyBinding.java:48) [org.eclipse.sisu.plexus-0.0.0.M5.jar:na]
	at org.eclipse.sisu.bean.BeanInjector.injectMembers(BeanInjector.java:52) [org.eclipse.sisu.inject-0.0.0.M5.jar:na]
	at com.google.inject.internal.MembersInjectorImpl.injectMembers(MembersInjectorImpl.java:128) [sisu-guice-3.1.3-no_aop.jar:3.1.3]
	at com.google.inject.internal.ConstructorInjector.provision(ConstructorInjector.java:118) [sisu-guice-3.1.3-no_aop.jar:3.1.3]
	at com.google.inject.internal.ConstructorInjector.access$000(ConstructorInjector.java:32) [sisu-guice-3.1.3-no_aop.jar:3.1.3]
	at com.google.inject.internal.ConstructorInjector$1.call(ConstructorInjector.java:92) [sisu-guice-3.1.3-no_aop.jar:3.1.3]
	at com.google.inject.internal.ProvisionListenerStackCallback$Provision.provision(ProvisionListenerStackCallback.java:100) [sisu-guice-3.1.3-no_aop.jar:3.1.3]
	at com.google.inject.internal.ProvisionListenerStackCallback$Provision.provision(ProvisionListenerStackCallback.java:116) [sisu-guice-3.1.3-no_aop.jar:3.1.3]
	at com.google.inject.internal.ProvisionListenerStackCallback.provision(ProvisionListenerStackCallback.java:55) [sisu-guice-3.1.3-no_aop.jar:3.1.3]
	at com.google.inject.internal.ConstructorInjector.construct(ConstructorInjector.java:90) [sisu-guice-3.1.3-no_aop.jar:3.1.3]
	at com.google.inject.internal.ConstructorBindingImpl$Factory.get(ConstructorBindingImpl.java:269) [sisu-guice-3.1.3-no_aop.jar:3.1.3]
	at com.google.inject.internal.InjectorImpl$2$1.call(InjectorImpl.java:997) [sisu-guice-3.1.3-no_aop.jar:3.1.3]
	at com.google.inject.internal.InjectorImpl.callInContext(InjectorImpl.java:1054) [sisu-guice-3.1.3-no_aop.jar:3.1.3]
	at com.google.inject.internal.InjectorImpl$2.get(InjectorImpl.java:993) [sisu-guice-3.1.3-no_aop.jar:3.1.3]
	at com.google.inject.internal.InjectorImpl.getInstance(InjectorImpl.java:1032) [sisu-guice-3.1.3-no_aop.jar:3.1.3]
	at org.eclipse.sisu.space.AbstractDeferredClass.get(AbstractDeferredClass.java:48) [org.eclipse.sisu.inject-0.0.0.M5.jar:na]
	at com.google.inject.internal.ProviderInternalFactory.provision(ProviderInternalFactory.java:86) [sisu-guice-3.1.3-no_aop.jar:3.1.3]
	at com.google.inject.internal.InternalFactoryToInitializableAdapter.provision(InternalFactoryToInitializableAdapter.java:55) [sisu-guice-3.1.3-no_aop.jar:3.1.3]
	at com.google.inject.internal.ProviderInternalFactory$1.call(ProviderInternalFactory.java:70) [sisu-guice-3.1.3-no_aop.jar:3.1.3]
	at com.google.inject.internal.ProvisionListenerStackCallback$Provision.provision(ProvisionListenerStackCallback.java:100) [sisu-guice-3.1.3-no_aop.jar:3.1.3]
	at org.eclipse.sisu.plexus.PlexusLifecycleManager.onProvision(PlexusLifecycleManager.java:133) [org.eclipse.sisu.plexus-0.0.0.M5.jar:na]
	at com.google.inject.internal.ProvisionListenerStackCallback$Provision.provision(ProvisionListenerStackCallback.java:109) [sisu-guice-3.1.3-no_aop.jar:3.1.3]
	at com.google.inject.internal.ProvisionListenerStackCallback.provision(ProvisionListenerStackCallback.java:55) [sisu-guice-3.1.3-no_aop.jar:3.1.3]
	at com.google.inject.internal.ProviderInternalFactory.circularGet(ProviderInternalFactory.java:68) [sisu-guice-3.1.3-no_aop.jar:3.1.3]
	at com.google.inject.internal.InternalFactoryToInitializableAdapter.get(InternalFactoryToInitializableAdapter.java:47) [sisu-guice-3.1.3-no_aop.jar:3.1.3]
	at com.google.inject.internal.ProviderToInternalFactoryAdapter$1.call(ProviderToInternalFactoryAdapter.java:46) [sisu-guice-3.1.3-no_aop.jar:3.1.3]
	at com.google.inject.internal.InjectorImpl.callInContext(InjectorImpl.java:1054) [sisu-guice-3.1.3-no_aop.jar:3.1.3]
	at com.google.inject.internal.ProviderToInternalFactoryAdapter.get(ProviderToInternalFactoryAdapter.java:40) [sisu-guice-3.1.3-no_aop.jar:3.1.3]
	at com.google.inject.Scopes$1$1.get(Scopes.java:59) [sisu-guice-3.1.3-no_aop.jar:3.1.3]
	at com.google.inject.internal.InternalFactoryToProviderAdapter.get(InternalFactoryToProviderAdapter.java:41) [sisu-guice-3.1.3-no_aop.jar:3.1.3]
	at com.google.inject.internal.InjectorImpl$2$1.call(InjectorImpl.java:997) [sisu-guice-3.1.3-no_aop.jar:3.1.3]
	at com.google.inject.internal.InjectorImpl.callInContext(InjectorImpl.java:1047) [sisu-guice-3.1.3-no_aop.jar:3.1.3]
	at com.google.inject.internal.InjectorImpl$2.get(InjectorImpl.java:993) [sisu-guice-3.1.3-no_aop.jar:3.1.3]
	at org.eclipse.sisu.inject.LazyBeanEntry.getValue(LazyBeanEntry.java:82) [org.eclipse.sisu.inject-0.0.0.M5.jar:na]
	at org.eclipse.sisu.plexus.LazyPlexusBean.getValue(LazyPlexusBean.java:51) [org.eclipse.sisu.plexus-0.0.0.M5.jar:na]
	at org.codehaus.plexus.DefaultPlexusContainer.lookup(DefaultPlexusContainer.java:260) [org.eclipse.sisu.plexus-0.0.0.M5.jar:na]
	at org.codehaus.plexus.DefaultPlexusContainer.lookup(DefaultPlexusContainer.java:252) [org.eclipse.sisu.plexus-0.0.0.M5.jar:na]
	at org.codehaus.plexus.DefaultPlexusContainer.lookup(DefaultPlexusContainer.java:246) [org.eclipse.sisu.plexus-0.0.0.M5.jar:na]
	at org.eclipse.m2e.core.internal.archetype.ArchetypeManager.<init>(ArchetypeManager.java:74) [org.eclipse.m2e.core_1.5.0.20140606-0033.jar:na]
	at org.eclipse.m2e.core.internal.MavenPluginActivator.newArchetypeManager(MavenPluginActivator.java:271) [org.eclipse.m2e.core_1.5.0.20140606-0033.jar:na]
	at org.eclipse.m2e.core.internal.MavenPluginActivator.start(MavenPluginActivator.java:192) [org.eclipse.m2e.core_1.5.0.20140606-0033.jar:na]
	at org.eclipse.osgi.internal.framework.BundleContextImpl$3.run(BundleContextImpl.java:771) [org.eclipse.osgi_3.10.1.v20140909-1633.jar:na]
	at org.eclipse.osgi.internal.framework.BundleContextImpl$3.run(BundleContextImpl.java:1) [org.eclipse.osgi_3.10.1.v20140909-1633.jar:na]
	at java.security.AccessController.doPrivileged(AccessController.java:254) [na:na]
	at org.eclipse.osgi.internal.framework.BundleContextImpl.startActivator(BundleContextImpl.java:764) [org.eclipse.osgi_3.10.1.v20140909-1633.jar:na]
	at org.eclipse.osgi.internal.framework.BundleContextImpl.start(BundleContextImpl.java:721) [org.eclipse.osgi_3.10.1.v20140909-1633.jar:na]
	at org.eclipse.osgi.internal.framework.EquinoxBundle.startWorker0(EquinoxBundle.java:936) [org.eclipse.osgi_3.10.1.v20140909-1633.jar:na]
	at org.eclipse.osgi.internal.framework.EquinoxBundle$EquinoxModule.startWorker(EquinoxBundle.java:319) [org.eclipse.osgi_3.10.1.v20140909-1633.jar:na]
	at org.eclipse.osgi.container.Module.doStart(Module.java:571) [org.eclipse.osgi_3.10.1.v20140909-1633.jar:na]
	at org.eclipse.osgi.container.Module.start(Module.java:439) [org.eclipse.osgi_3.10.1.v20140909-1633.jar:na]
	at org.eclipse.osgi.framework.util.SecureAction.start(SecureAction.java:454) [org.eclipse.osgi_3.10.1.v20140909-1633.jar:na]
	at org.eclipse.osgi.internal.hooks.EclipseLazyStarter.postFindLocalClass(EclipseLazyStarter.java:107) [org.eclipse.osgi_3.10.1.v20140909-1633.jar:na]
	at org.eclipse.osgi.internal.loader.classpath.ClasspathManager.findLocalClass(ClasspathManager.java:531) [org.eclipse.osgi_3.10.1.v20140909-1633.jar:na]
	at org.eclipse.osgi.internal.loader.ModuleClassLoader.findLocalClass(ModuleClassLoader.java:324) [org.eclipse.osgi_3.10.1.v20140909-1633.jar:na]
	at org.eclipse.osgi.internal.loader.BundleLoader.findLocalClass(BundleLoader.java:320) [org.eclipse.osgi_3.10.1.v20140909-1633.jar:na]
	at org.eclipse.osgi.internal.loader.sources.SingleSourcePackage.loadClass(SingleSourcePackage.java:36) [org.eclipse.osgi_3.10.1.v20140909-1633.jar:na]
	at org.eclipse.osgi.internal.loader.BundleLoader.findClassInternal(BundleLoader.java:391) [org.eclipse.osgi_3.10.1.v20140909-1633.jar:na]
	at org.eclipse.osgi.internal.loader.BundleLoader.findClass(BundleLoader.java:345) [org.eclipse.osgi_3.10.1.v20140909-1633.jar:na]
	at org.eclipse.osgi.internal.loader.BundleLoader.findClass(BundleLoader.java:337) [org.eclipse.osgi_3.10.1.v20140909-1633.jar:na]
	at org.eclipse.osgi.internal.loader.ModuleClassLoader.loadClass(ModuleClassLoader.java:160) [org.eclipse.osgi_3.10.1.v20140909-1633.jar:na]
	at java.lang.ClassLoader.loadClass(ClassLoader.java:627) [na:1.6.0]
	at java.lang.J9VMInternals.verifyImpl(Native Method) [na:1.6.0]
	at java.lang.J9VMInternals.verify(J9VMInternals.java:90) [na:1.6.0]
	at java.lang.J9VMInternals.initialize(J9VMInternals.java:167) [na:1.6.0]
	at java.lang.J9VMInternals.newInstanceImpl(Native Method) [na:1.6.0]
	at java.lang.Class.newInstance(Class.java:1355) [na:1.6.0]
	at org.eclipse.osgi.internal.framework.BundleContextImpl.loadBundleActivator(BundleContextImpl.java:755) [org.eclipse.osgi_3.10.1.v20140909-1633.jar:na]
	at org.eclipse.osgi.internal.framework.BundleContextImpl.start(BundleContextImpl.java:706) [org.eclipse.osgi_3.10.1.v20140909-1633.jar:na]
	at org.eclipse.osgi.internal.framework.EquinoxBundle.startWorker0(EquinoxBundle.java:936) [org.eclipse.osgi_3.10.1.v20140909-1633.jar:na]
	at org.eclipse.osgi.internal.framework.EquinoxBundle$EquinoxModule.startWorker(EquinoxBundle.java:319) [org.eclipse.osgi_3.10.1.v20140909-1633.jar:na]
	at org.eclipse.osgi.container.Module.doStart(Module.java:571) [org.eclipse.osgi_3.10.1.v20140909-1633.jar:na]
	at org.eclipse.osgi.container.Module.start(Module.java:439) [org.eclipse.osgi_3.10.1.v20140909-1633.jar:na]
	at org.eclipse.osgi.framework.util.SecureAction.start(SecureAction.java:454) [org.eclipse.osgi_3.10.1.v20140909-1633.jar:na]
	at org.eclipse.osgi.internal.hooks.EclipseLazyStarter.postFindLocalClass(EclipseLazyStarter.java:107) [org.eclipse.osgi_3.10.1.v20140909-1633.jar:na]
	at org.eclipse.osgi.internal.loader.classpath.ClasspathManager.findLocalClass(ClasspathManager.java:531) [org.eclipse.osgi_3.10.1.v20140909-1633.jar:na]
	at org.eclipse.osgi.internal.loader.ModuleClassLoader.findLocalClass(ModuleClassLoader.java:324) [org.eclipse.osgi_3.10.1.v20140909-1633.jar:na]
	at org.eclipse.osgi.internal.loader.BundleLoader.findLocalClass(BundleLoader.java:320) [org.eclipse.osgi_3.10.1.v20140909-1633.jar:na]
	at org.eclipse.osgi.internal.loader.BundleLoader.findClassInternal(BundleLoader.java:395) [org.eclipse.osgi_3.10.1.v20140909-1633.jar:na]
	at org.eclipse.osgi.internal.loader.BundleLoader.findClass(BundleLoader.java:345) [org.eclipse.osgi_3.10.1.v20140909-1633.jar:na]
	at org.eclipse.osgi.internal.loader.BundleLoader.findClass(BundleLoader.java:337) [org.eclipse.osgi_3.10.1.v20140909-1633.jar:na]
	at org.eclipse.osgi.internal.loader.ModuleClassLoader.loadClass(ModuleClassLoader.java:160) [org.eclipse.osgi_3.10.1.v20140909-1633.jar:na]
	at java.lang.ClassLoader.loadClass(ClassLoader.java:627) [na:1.6.0]
	at org.eclipse.osgi.internal.framework.EquinoxBundle.loadClass(EquinoxBundle.java:568) [org.eclipse.osgi_3.10.1.v20140909-1633.jar:na]
	at org.eclipse.core.internal.registry.osgi.RegistryStrategyOSGI.createExecutableExtension(RegistryStrategyOSGI.java:174) [org.eclipse.equinox.registry_3.5.400.v20140428-1507.jar:na]
	at org.eclipse.core.internal.registry.ExtensionRegistry.createExecutableExtension(ExtensionRegistry.java:905) [org.eclipse.equinox.registry_3.5.400.v20140428-1507.jar:na]
	at org.eclipse.core.internal.registry.ConfigurationElement.createExecutableExtension(ConfigurationElement.java:243) [org.eclipse.equinox.registry_3.5.400.v20140428-1507.jar:na]
	at org.eclipse.core.internal.registry.ConfigurationElementHandle.createExecutableExtension(ConfigurationElementHandle.java:55) [org.eclipse.equinox.registry_3.5.400.v20140428-1507.jar:na]
	at org.eclipse.ui.internal.WorkbenchPlugin$1.run(WorkbenchPlugin.java:294) [org.eclipse.ui.workbench_3.106.1.v20140827-1737.jar:na]
	at org.eclipse.swt.custom.BusyIndicator.showWhile(BusyIndicator.java:70) [org.eclipse.swt.win32.win32.x86_64_3.103.1.v20140903-1947.jar:na]
	at org.eclipse.ui.internal.WorkbenchPlugin.createExtension(WorkbenchPlugin.java:289) [org.eclipse.ui.workbench_3.106.1.v20140827-1737.jar:na]
	at org.eclipse.ui.internal.dialogs.WorkbenchWizardElement.createExecutableExtension(WorkbenchWizardElement.java:123) [org.eclipse.ui.workbench_3.106.1.v20140827-1737.jar:na]
	at org.eclipse.ui.internal.dialogs.WorkbenchWizardElement.createWizard(WorkbenchWizardElement.java:278) [org.eclipse.ui.workbench_3.106.1.v20140827-1737.jar:na]
	at org.eclipse.ui.internal.dialogs.ImportExportPage$1.createWizard(ImportExportPage.java:303) [org.eclipse.ui.workbench_3.106.1.v20140827-1737.jar:na]
	at org.eclipse.ui.internal.dialogs.WorkbenchWizardNode$1$1.run(WorkbenchWizardNode.java:159) [org.eclipse.ui.workbench_3.106.1.v20140827-1737.jar:na]
	at org.eclipse.core.runtime.SafeRunner.run(SafeRunner.java:42) [org.eclipse.equinox.common_3.6.200.v20130402-1505.jar:na]
	at org.eclipse.ui.internal.dialogs.WorkbenchWizardNode$1.run(WorkbenchWizardNode.java:141) [org.eclipse.ui.workbench_3.106.1.v20140827-1737.jar:na]
	at org.eclipse.swt.custom.BusyIndicator.showWhile(BusyIndicator.java:70) [org.eclipse.swt.win32.win32.x86_64_3.103.1.v20140903-1947.jar:na]
	at org.eclipse.ui.internal.dialogs.WorkbenchWizardNode.getWizard(WorkbenchWizardNode.java:137) [org.eclipse.ui.workbench_3.106.1.v20140827-1737.jar:na]
	at org.eclipse.jface.wizard.WizardSelectionPage.getNextPage(WizardSelectionPage.java:107) [org.eclipse.jface_3.10.1.v20140813-1009.jar:na]
	at org.eclipse.ui.internal.dialogs.WorkbenchWizardSelectionPage.getNextPage(WorkbenchWizardSelectionPage.java:101) [org.eclipse.ui.workbench_3.106.1.v20140827-1737.jar:na]
	at org.eclipse.ui.internal.dialogs.ImportExportPage.getNextPage(ImportExportPage.java:435) [org.eclipse.ui.workbench_3.106.1.v20140827-1737.jar:na]
	at org.eclipse.jface.wizard.WizardDialog.nextPressed(WizardDialog.java:935) [org.eclipse.jface_3.10.1.v20140813-1009.jar:na]
	at org.eclipse.jface.wizard.WizardDialog.buttonPressed(WizardDialog.java:434) [org.eclipse.jface_3.10.1.v20140813-1009.jar:na]
	at org.eclipse.jface.dialogs.Dialog$2.widgetSelected(Dialog.java:619) [org.eclipse.jface_3.10.1.v20140813-1009.jar:na]
	at org.eclipse.swt.widgets.TypedListener.handleEvent(TypedListener.java:248) [org.eclipse.swt.win32.win32.x86_64_3.103.1.v20140903-1947.jar:na]
	at org.eclipse.swt.widgets.EventTable.sendEvent(EventTable.java:84) [org.eclipse.swt.win32.win32.x86_64_3.103.1.v20140903-1947.jar:na]
	at org.eclipse.swt.widgets.Display.sendEvent(Display.java:4353) [org.eclipse.swt.win32.win32.x86_64_3.103.1.v20140903-1947.jar:na]
	at org.eclipse.swt.widgets.Widget.sendEvent(Widget.java:1061) [org.eclipse.swt.win32.win32.x86_64_3.103.1.v20140903-1947.jar:na]
	at org.eclipse.swt.widgets.Display.runDeferredEvents(Display.java:4172) [org.eclipse.swt.win32.win32.x86_64_3.103.1.v20140903-1947.jar:na]
	at org.eclipse.swt.widgets.Display.readAndDispatch(Display.java:3761) [org.eclipse.swt.win32.win32.x86_64_3.103.1.v20140903-1947.jar:na]
	at org.eclipse.jface.window.Window.runEventLoop(Window.java:832) [org.eclipse.jface_3.10.1.v20140813-1009.jar:na]
	at org.eclipse.jface.window.Window.open(Window.java:808) [org.eclipse.jface_3.10.1.v20140813-1009.jar:na]
	at org.eclipse.ui.internal.handlers.WizardHandler$Import.executeHandler(WizardHandler.java:158) [org.eclipse.ui.workbench_3.106.1.v20140827-1737.jar:na]
	at org.eclipse.ui.internal.handlers.WizardHandler.execute(WizardHandler.java:290) [org.eclipse.ui.workbench_3.106.1.v20140827-1737.jar:na]
	at org.eclipse.ui.internal.handlers.HandlerProxy.execute(HandlerProxy.java:294) [org.eclipse.ui.workbench_3.106.1.v20140827-1737.jar:na]
	at org.eclipse.ui.internal.handlers.E4HandlerProxy.execute(E4HandlerProxy.java:90) [org.eclipse.ui.workbench_3.106.1.v20140827-1737.jar:na]
	at sun.reflect.NativeMethodAccessorImpl.invoke0(Native Method) ~[na:1.6.0]
	at sun.reflect.NativeMethodAccessorImpl.invoke(NativeMethodAccessorImpl.java:60) ~[na:1.6.0]
	at sun.reflect.DelegatingMethodAccessorImpl.invoke(DelegatingMethodAccessorImpl.java:37) ~[na:1.6.0]
	at java.lang.reflect.Method.invoke(Method.java:611) ~[na:1.6.0]
	at org.eclipse.e4.core.internal.di.MethodRequestor.execute(MethodRequestor.java:55) [org.eclipse.e4.core.di_1.4.0.v20140414-1837.jar:na]
	at org.eclipse.e4.core.internal.di.InjectorImpl.invokeUsingClass(InjectorImpl.java:247) [org.eclipse.e4.core.di_1.4.0.v20140414-1837.jar:na]
	at org.eclipse.e4.core.internal.di.InjectorImpl.invoke(InjectorImpl.java:229) [org.eclipse.e4.core.di_1.4.0.v20140414-1837.jar:na]
	at org.eclipse.e4.core.contexts.ContextInjectionFactory.invoke(ContextInjectionFactory.java:132) [org.eclipse.e4.core.contexts_1.3.100.v20140407-1019.jar:na]
	at org.eclipse.e4.core.commands.internal.HandlerServiceHandler.execute(HandlerServiceHandler.java:149) [org.eclipse.e4.core.commands_0.10.2.v20140424-2344.jar:na]
	at org.eclipse.core.commands.Command.executeWithChecks(Command.java:499) [org.eclipse.core.commands_3.6.100.v20140528-1422.jar:na]
	at org.eclipse.core.commands.ParameterizedCommand.executeWithChecks(ParameterizedCommand.java:508) [org.eclipse.core.commands_3.6.100.v20140528-1422.jar:na]
	at org.eclipse.e4.core.commands.internal.HandlerServiceImpl.executeHandler(HandlerServiceImpl.java:210) [org.eclipse.e4.core.commands_0.10.2.v20140424-2344.jar:na]
	at org.eclipse.ui.internal.handlers.LegacyHandlerService.executeCommand(LegacyHandlerService.java:343) [org.eclipse.ui.workbench_3.106.1.v20140827-1737.jar:na]
	at org.eclipse.ui.internal.actions.CommandAction.runWithEvent(CommandAction.java:159) [org.eclipse.ui.workbench_3.106.1.v20140827-1737.jar:na]
	at org.eclipse.ui.internal.actions.CommandAction.run(CommandAction.java:174) [org.eclipse.ui.workbench_3.106.1.v20140827-1737.jar:na]
	at org.eclipse.ui.actions.ImportResourcesAction.run(ImportResourcesAction.java:99) [org.eclipse.ui.workbench_3.106.1.v20140827-1737.jar:na]
	at org.eclipse.ui.actions.BaseSelectionListenerAction.runWithEvent(BaseSelectionListenerAction.java:170) [org.eclipse.ui.workbench_3.106.1.v20140827-1737.jar:na]
	at org.eclipse.jface.action.ActionContributionItem.handleWidgetSelection(ActionContributionItem.java:595) [org.eclipse.jface_3.10.1.v20140813-1009.jar:na]
	at org.eclipse.jface.action.ActionContributionItem.access$2(ActionContributionItem.java:511) [org.eclipse.jface_3.10.1.v20140813-1009.jar:na]
	at org.eclipse.jface.action.ActionContributionItem$5.handleEvent(ActionContributionItem.java:420) [org.eclipse.jface_3.10.1.v20140813-1009.jar:na]
	at org.eclipse.swt.widgets.EventTable.sendEvent(EventTable.java:84) [org.eclipse.swt.win32.win32.x86_64_3.103.1.v20140903-1947.jar:na]
	at org.eclipse.swt.widgets.Display.sendEvent(Display.java:4353) [org.eclipse.swt.win32.win32.x86_64_3.103.1.v20140903-1947.jar:na]
	at org.eclipse.swt.widgets.Widget.sendEvent(Widget.java:1061) [org.eclipse.swt.win32.win32.x86_64_3.103.1.v20140903-1947.jar:na]
	at org.eclipse.swt.widgets.Display.runDeferredEvents(Display.java:4172) [org.eclipse.swt.win32.win32.x86_64_3.103.1.v20140903-1947.jar:na]
	at org.eclipse.swt.widgets.Display.readAndDispatch(Display.java:3761) [org.eclipse.swt.win32.win32.x86_64_3.103.1.v20140903-1947.jar:na]
	at org.eclipse.e4.ui.internal.workbench.swt.PartRenderingEngine$9.run(PartRenderingEngine.java:1151) [org.eclipse.e4.ui.workbench.swt_0.12.100.v20140530-1436.jar:na]
	at org.eclipse.core.databinding.observable.Realm.runWithDefault(Realm.java:332) [org.eclipse.core.databinding.observable_1.4.1.v20140210-1835.jar:na]
	at org.eclipse.e4.ui.internal.workbench.swt.PartRenderingEngine.run(PartRenderingEngine.java:1032) [org.eclipse.e4.ui.workbench.swt_0.12.100.v20140530-1436.jar:na]
	at org.eclipse.e4.ui.internal.workbench.E4Workbench.createAndRunUI(E4Workbench.java:148) [org.eclipse.e4.ui.workbench_1.2.1.v20140901-1244.jar:na]
	at org.eclipse.ui.internal.Workbench$5.run(Workbench.java:636) [org.eclipse.ui.workbench_3.106.1.v20140827-1737.jar:na]
	at org.eclipse.core.databinding.observable.Realm.runWithDefault(Realm.java:332) [org.eclipse.core.databinding.observable_1.4.1.v20140210-1835.jar:na]
	at org.eclipse.ui.internal.Workbench.createAndRunWorkbench(Workbench.java:579) [org.eclipse.ui.workbench_3.106.1.v20140827-1737.jar:na]
	at org.eclipse.ui.PlatformUI.createAndRunWorkbench(PlatformUI.java:150) [org.eclipse.ui.workbench_3.106.1.v20140827-1737.jar:na]
	at org.eclipse.ui.internal.ide.application.IDEApplication.start(IDEApplication.java:135) [org.eclipse.ui.ide.application_1.0.500.v20140514-2033.jar:na]
	at org.eclipse.equinox.internal.app.EclipseAppHandle.run(EclipseAppHandle.java:196) [org.eclipse.equinox.app_1.3.200.v20130910-1609.jar:na]
	at org.eclipse.core.runtime.internal.adaptor.EclipseAppLauncher.runApplication(EclipseAppLauncher.java:134) [org.eclipse.osgi_3.10.1.v20140909-1633.jar:na]
	at org.eclipse.core.runtime.internal.adaptor.EclipseAppLauncher.start(EclipseAppLauncher.java:104) [org.eclipse.osgi_3.10.1.v20140909-1633.jar:na]
	at org.eclipse.core.runtime.adaptor.EclipseStarter.run(EclipseStarter.java:380) [org.eclipse.osgi_3.10.1.v20140909-1633.jar:na]
	at org.eclipse.core.runtime.adaptor.EclipseStarter.run(EclipseStarter.java:235) [org.eclipse.osgi_3.10.1.v20140909-1633.jar:na]
	at sun.reflect.NativeMethodAccessorImpl.invoke0(Native Method) ~[na:1.6.0]
	at sun.reflect.NativeMethodAccessorImpl.invoke(NativeMethodAccessorImpl.java:60) ~[na:1.6.0]
	at sun.reflect.DelegatingMethodAccessorImpl.invoke(DelegatingMethodAccessorImpl.java:37) ~[na:1.6.0]
	at java.lang.reflect.Method.invoke(Method.java:611) ~[na:1.6.0]
	at org.eclipse.equinox.launcher.Main.invokeFramework(Main.java:648) [org.eclipse.equinox.launcher_1.3.0.v20140415-2008.jar:na]
	at org.eclipse.equinox.launcher.Main.basicRun(Main.java:603) [org.eclipse.equinox.launcher_1.3.0.v20140415-2008.jar:na]
	at org.eclipse.equinox.launcher.Main.run(Main.java:1465) [org.eclipse.equinox.launcher_1.3.0.v20140415-2008.jar:na]
	at org.eclipse.equinox.launcher.Main.main(Main.java:1438) [org.eclipse.equinox.launcher_1.3.0.v20140415-2008.jar:na]
2017-07-24 12:18:55,697 [main] WARN  Sisu - Error injecting: org.apache.maven.archetype.common.DefaultArchetypeArtifactManager
com.google.inject.ProvisionException: Guice provision errors:

1) No implementation for org.apache.maven.artifact.resolver.ArtifactResolver was bound.
  while locating org.apache.maven.archetype.downloader.DefaultDownloader
  at ClassRealm[plexus.core, parent: null]
  at ClassRealm[plexus.core, parent: null]
  while locating org.apache.maven.archetype.downloader.Downloader
  while locating org.apache.maven.archetype.common.DefaultArchetypeArtifactManager

1 error
	at com.google.inject.internal.InjectorImpl$2.get(InjectorImpl.java:1006) [sisu-guice-3.1.3-no_aop.jar:3.1.3]
	at com.google.inject.internal.InjectorImpl.getInstance(InjectorImpl.java:1032) [sisu-guice-3.1.3-no_aop.jar:3.1.3]
	at org.eclipse.sisu.space.AbstractDeferredClass.get(AbstractDeferredClass.java:48) ~[org.eclipse.sisu.inject-0.0.0.M5.jar:na]
	at com.google.inject.internal.ProviderInternalFactory.provision(ProviderInternalFactory.java:86) [sisu-guice-3.1.3-no_aop.jar:3.1.3]
	at com.google.inject.internal.InternalFactoryToInitializableAdapter.provision(InternalFactoryToInitializableAdapter.java:55) [sisu-guice-3.1.3-no_aop.jar:3.1.3]
	at com.google.inject.internal.ProviderInternalFactory$1.call(ProviderInternalFactory.java:70) [sisu-guice-3.1.3-no_aop.jar:3.1.3]
	at com.google.inject.internal.ProvisionListenerStackCallback$Provision.provision(ProvisionListenerStackCallback.java:100) [sisu-guice-3.1.3-no_aop.jar:3.1.3]
	at org.eclipse.sisu.plexus.PlexusLifecycleManager.onProvision(PlexusLifecycleManager.java:133) [org.eclipse.sisu.plexus-0.0.0.M5.jar:na]
	at com.google.inject.internal.ProvisionListenerStackCallback$Provision.provision(ProvisionListenerStackCallback.java:109) [sisu-guice-3.1.3-no_aop.jar:3.1.3]
	at com.google.inject.internal.ProvisionListenerStackCallback.provision(ProvisionListenerStackCallback.java:55) [sisu-guice-3.1.3-no_aop.jar:3.1.3]
	at com.google.inject.internal.ProviderInternalFactory.circularGet(ProviderInternalFactory.java:68) [sisu-guice-3.1.3-no_aop.jar:3.1.3]
	at com.google.inject.internal.InternalFactoryToInitializableAdapter.get(InternalFactoryToInitializableAdapter.java:47) [sisu-guice-3.1.3-no_aop.jar:3.1.3]
	at com.google.inject.internal.ProviderToInternalFactoryAdapter$1.call(ProviderToInternalFactoryAdapter.java:46) [sisu-guice-3.1.3-no_aop.jar:3.1.3]
	at com.google.inject.internal.InjectorImpl.callInContext(InjectorImpl.java:1054) [sisu-guice-3.1.3-no_aop.jar:3.1.3]
	at com.google.inject.internal.ProviderToInternalFactoryAdapter.get(ProviderToInternalFactoryAdapter.java:40) [sisu-guice-3.1.3-no_aop.jar:3.1.3]
	at com.google.inject.Scopes$1$1.get(Scopes.java:59) [sisu-guice-3.1.3-no_aop.jar:3.1.3]
	at com.google.inject.internal.InternalFactoryToProviderAdapter.get(InternalFactoryToProviderAdapter.java:41) [sisu-guice-3.1.3-no_aop.jar:3.1.3]
	at com.google.inject.internal.InjectorImpl$2$1.call(InjectorImpl.java:997) [sisu-guice-3.1.3-no_aop.jar:3.1.3]
	at com.google.inject.internal.InjectorImpl.callInContext(InjectorImpl.java:1047) [sisu-guice-3.1.3-no_aop.jar:3.1.3]
	at com.google.inject.internal.InjectorImpl$2.get(InjectorImpl.java:993) [sisu-guice-3.1.3-no_aop.jar:3.1.3]
	at org.eclipse.sisu.inject.LazyBeanEntry.getValue(LazyBeanEntry.java:82) [org.eclipse.sisu.inject-0.0.0.M5.jar:na]
	at org.eclipse.sisu.plexus.LazyPlexusBean.getValue(LazyPlexusBean.java:51) [org.eclipse.sisu.plexus-0.0.0.M5.jar:na]
	at org.codehaus.plexus.DefaultPlexusContainer.lookup(DefaultPlexusContainer.java:260) [org.eclipse.sisu.plexus-0.0.0.M5.jar:na]
	at org.codehaus.plexus.DefaultPlexusContainer.lookup(DefaultPlexusContainer.java:252) [org.eclipse.sisu.plexus-0.0.0.M5.jar:na]
	at org.codehaus.plexus.DefaultPlexusContainer.lookup(DefaultPlexusContainer.java:246) [org.eclipse.sisu.plexus-0.0.0.M5.jar:na]
	at org.eclipse.m2e.core.internal.archetype.ArchetypeManager.<init>(ArchetypeManager.java:74) [org.eclipse.m2e.core_1.5.0.20140606-0033.jar:na]
	at org.eclipse.m2e.core.internal.MavenPluginActivator.newArchetypeManager(MavenPluginActivator.java:271) [org.eclipse.m2e.core_1.5.0.20140606-0033.jar:na]
	at org.eclipse.m2e.core.internal.MavenPluginActivator.start(MavenPluginActivator.java:192) [org.eclipse.m2e.core_1.5.0.20140606-0033.jar:na]
	at org.eclipse.osgi.internal.framework.BundleContextImpl$3.run(BundleContextImpl.java:771) [org.eclipse.osgi_3.10.1.v20140909-1633.jar:na]
	at org.eclipse.osgi.internal.framework.BundleContextImpl$3.run(BundleContextImpl.java:1) [org.eclipse.osgi_3.10.1.v20140909-1633.jar:na]
	at java.security.AccessController.doPrivileged(AccessController.java:254) [na:na]
	at org.eclipse.osgi.internal.framework.BundleContextImpl.startActivator(BundleContextImpl.java:764) [org.eclipse.osgi_3.10.1.v20140909-1633.jar:na]
	at org.eclipse.osgi.internal.framework.BundleContextImpl.start(BundleContextImpl.java:721) [org.eclipse.osgi_3.10.1.v20140909-1633.jar:na]
	at org.eclipse.osgi.internal.framework.EquinoxBundle.startWorker0(EquinoxBundle.java:936) [org.eclipse.osgi_3.10.1.v20140909-1633.jar:na]
	at org.eclipse.osgi.internal.framework.EquinoxBundle$EquinoxModule.startWorker(EquinoxBundle.java:319) [org.eclipse.osgi_3.10.1.v20140909-1633.jar:na]
	at org.eclipse.osgi.container.Module.doStart(Module.java:571) [org.eclipse.osgi_3.10.1.v20140909-1633.jar:na]
	at org.eclipse.osgi.container.Module.start(Module.java:439) [org.eclipse.osgi_3.10.1.v20140909-1633.jar:na]
	at org.eclipse.osgi.framework.util.SecureAction.start(SecureAction.java:454) [org.eclipse.osgi_3.10.1.v20140909-1633.jar:na]
	at org.eclipse.osgi.internal.hooks.EclipseLazyStarter.postFindLocalClass(EclipseLazyStarter.java:107) [org.eclipse.osgi_3.10.1.v20140909-1633.jar:na]
	at org.eclipse.osgi.internal.loader.classpath.ClasspathManager.findLocalClass(ClasspathManager.java:531) [org.eclipse.osgi_3.10.1.v20140909-1633.jar:na]
	at org.eclipse.osgi.internal.loader.ModuleClassLoader.findLocalClass(ModuleClassLoader.java:324) [org.eclipse.osgi_3.10.1.v20140909-1633.jar:na]
	at org.eclipse.osgi.internal.loader.BundleLoader.findLocalClass(BundleLoader.java:320) [org.eclipse.osgi_3.10.1.v20140909-1633.jar:na]
	at org.eclipse.osgi.internal.loader.sources.SingleSourcePackage.loadClass(SingleSourcePackage.java:36) [org.eclipse.osgi_3.10.1.v20140909-1633.jar:na]
	at org.eclipse.osgi.internal.loader.BundleLoader.findClassInternal(BundleLoader.java:391) [org.eclipse.osgi_3.10.1.v20140909-1633.jar:na]
	at org.eclipse.osgi.internal.loader.BundleLoader.findClass(BundleLoader.java:345) [org.eclipse.osgi_3.10.1.v20140909-1633.jar:na]
	at org.eclipse.osgi.internal.loader.BundleLoader.findClass(BundleLoader.java:337) [org.eclipse.osgi_3.10.1.v20140909-1633.jar:na]
	at org.eclipse.osgi.internal.loader.ModuleClassLoader.loadClass(ModuleClassLoader.java:160) [org.eclipse.osgi_3.10.1.v20140909-1633.jar:na]
	at java.lang.ClassLoader.loadClass(ClassLoader.java:627) [na:1.6.0]
	at java.lang.J9VMInternals.verifyImpl(Native Method) [na:1.6.0]
	at java.lang.J9VMInternals.verify(J9VMInternals.java:90) [na:1.6.0]
	at java.lang.J9VMInternals.initialize(J9VMInternals.java:167) [na:1.6.0]
	at java.lang.J9VMInternals.newInstanceImpl(Native Method) [na:1.6.0]
	at java.lang.Class.newInstance(Class.java:1355) [na:1.6.0]
	at org.eclipse.osgi.internal.framework.BundleContextImpl.loadBundleActivator(BundleContextImpl.java:755) [org.eclipse.osgi_3.10.1.v20140909-1633.jar:na]
	at org.eclipse.osgi.internal.framework.BundleContextImpl.start(BundleContextImpl.java:706) [org.eclipse.osgi_3.10.1.v20140909-1633.jar:na]
	at org.eclipse.osgi.internal.framework.EquinoxBundle.startWorker0(EquinoxBundle.java:936) [org.eclipse.osgi_3.10.1.v20140909-1633.jar:na]
	at org.eclipse.osgi.internal.framework.EquinoxBundle$EquinoxModule.startWorker(EquinoxBundle.java:319) [org.eclipse.osgi_3.10.1.v20140909-1633.jar:na]
	at org.eclipse.osgi.container.Module.doStart(Module.java:571) [org.eclipse.osgi_3.10.1.v20140909-1633.jar:na]
	at org.eclipse.osgi.container.Module.start(Module.java:439) [org.eclipse.osgi_3.10.1.v20140909-1633.jar:na]
	at org.eclipse.osgi.framework.util.SecureAction.start(SecureAction.java:454) [org.eclipse.osgi_3.10.1.v20140909-1633.jar:na]
	at org.eclipse.osgi.internal.hooks.EclipseLazyStarter.postFindLocalClass(EclipseLazyStarter.java:107) [org.eclipse.osgi_3.10.1.v20140909-1633.jar:na]
	at org.eclipse.osgi.internal.loader.classpath.ClasspathManager.findLocalClass(ClasspathManager.java:531) [org.eclipse.osgi_3.10.1.v20140909-1633.jar:na]
	at org.eclipse.osgi.internal.loader.ModuleClassLoader.findLocalClass(ModuleClassLoader.java:324) [org.eclipse.osgi_3.10.1.v20140909-1633.jar:na]
	at org.eclipse.osgi.internal.loader.BundleLoader.findLocalClass(BundleLoader.java:320) [org.eclipse.osgi_3.10.1.v20140909-1633.jar:na]
	at org.eclipse.osgi.internal.loader.BundleLoader.findClassInternal(BundleLoader.java:395) [org.eclipse.osgi_3.10.1.v20140909-1633.jar:na]
	at org.eclipse.osgi.internal.loader.BundleLoader.findClass(BundleLoader.java:345) [org.eclipse.osgi_3.10.1.v20140909-1633.jar:na]
	at org.eclipse.osgi.internal.loader.BundleLoader.findClass(BundleLoader.java:337) [org.eclipse.osgi_3.10.1.v20140909-1633.jar:na]
	at org.eclipse.osgi.internal.loader.ModuleClassLoader.loadClass(ModuleClassLoader.java:160) [org.eclipse.osgi_3.10.1.v20140909-1633.jar:na]
	at java.lang.ClassLoader.loadClass(ClassLoader.java:627) [na:1.6.0]
	at org.eclipse.osgi.internal.framework.EquinoxBundle.loadClass(EquinoxBundle.java:568) [org.eclipse.osgi_3.10.1.v20140909-1633.jar:na]
	at org.eclipse.core.internal.registry.osgi.RegistryStrategyOSGI.createExecutableExtension(RegistryStrategyOSGI.java:174) [org.eclipse.equinox.registry_3.5.400.v20140428-1507.jar:na]
	at org.eclipse.core.internal.registry.ExtensionRegistry.createExecutableExtension(ExtensionRegistry.java:905) [org.eclipse.equinox.registry_3.5.400.v20140428-1507.jar:na]
	at org.eclipse.core.internal.registry.ConfigurationElement.createExecutableExtension(ConfigurationElement.java:243) [org.eclipse.equinox.registry_3.5.400.v20140428-1507.jar:na]
	at org.eclipse.core.internal.registry.ConfigurationElementHandle.createExecutableExtension(ConfigurationElementHandle.java:55) [org.eclipse.equinox.registry_3.5.400.v20140428-1507.jar:na]
	at org.eclipse.ui.internal.WorkbenchPlugin$1.run(WorkbenchPlugin.java:294) [org.eclipse.ui.workbench_3.106.1.v20140827-1737.jar:na]
	at org.eclipse.swt.custom.BusyIndicator.showWhile(BusyIndicator.java:70) [org.eclipse.swt.win32.win32.x86_64_3.103.1.v20140903-1947.jar:na]
	at org.eclipse.ui.internal.WorkbenchPlugin.createExtension(WorkbenchPlugin.java:289) [org.eclipse.ui.workbench_3.106.1.v20140827-1737.jar:na]
	at org.eclipse.ui.internal.dialogs.WorkbenchWizardElement.createExecutableExtension(WorkbenchWizardElement.java:123) [org.eclipse.ui.workbench_3.106.1.v20140827-1737.jar:na]
	at org.eclipse.ui.internal.dialogs.WorkbenchWizardElement.createWizard(WorkbenchWizardElement.java:278) [org.eclipse.ui.workbench_3.106.1.v20140827-1737.jar:na]
	at org.eclipse.ui.internal.dialogs.ImportExportPage$1.createWizard(ImportExportPage.java:303) [org.eclipse.ui.workbench_3.106.1.v20140827-1737.jar:na]
	at org.eclipse.ui.internal.dialogs.WorkbenchWizardNode$1$1.run(WorkbenchWizardNode.java:159) [org.eclipse.ui.workbench_3.106.1.v20140827-1737.jar:na]
	at org.eclipse.core.runtime.SafeRunner.run(SafeRunner.java:42) [org.eclipse.equinox.common_3.6.200.v20130402-1505.jar:na]
	at org.eclipse.ui.internal.dialogs.WorkbenchWizardNode$1.run(WorkbenchWizardNode.java:141) [org.eclipse.ui.workbench_3.106.1.v20140827-1737.jar:na]
	at org.eclipse.swt.custom.BusyIndicator.showWhile(BusyIndicator.java:70) [org.eclipse.swt.win32.win32.x86_64_3.103.1.v20140903-1947.jar:na]
	at org.eclipse.ui.internal.dialogs.WorkbenchWizardNode.getWizard(WorkbenchWizardNode.java:137) [org.eclipse.ui.workbench_3.106.1.v20140827-1737.jar:na]
	at org.eclipse.jface.wizard.WizardSelectionPage.getNextPage(WizardSelectionPage.java:107) [org.eclipse.jface_3.10.1.v20140813-1009.jar:na]
	at org.eclipse.ui.internal.dialogs.WorkbenchWizardSelectionPage.getNextPage(WorkbenchWizardSelectionPage.java:101) [org.eclipse.ui.workbench_3.106.1.v20140827-1737.jar:na]
	at org.eclipse.ui.internal.dialogs.ImportExportPage.getNextPage(ImportExportPage.java:435) [org.eclipse.ui.workbench_3.106.1.v20140827-1737.jar:na]
	at org.eclipse.jface.wizard.WizardDialog.nextPressed(WizardDialog.java:935) [org.eclipse.jface_3.10.1.v20140813-1009.jar:na]
	at org.eclipse.jface.wizard.WizardDialog.buttonPressed(WizardDialog.java:434) [org.eclipse.jface_3.10.1.v20140813-1009.jar:na]
	at org.eclipse.jface.dialogs.Dialog$2.widgetSelected(Dialog.java:619) [org.eclipse.jface_3.10.1.v20140813-1009.jar:na]
	at org.eclipse.swt.widgets.TypedListener.handleEvent(TypedListener.java:248) [org.eclipse.swt.win32.win32.x86_64_3.103.1.v20140903-1947.jar:na]
	at org.eclipse.swt.widgets.EventTable.sendEvent(EventTable.java:84) [org.eclipse.swt.win32.win32.x86_64_3.103.1.v20140903-1947.jar:na]
	at org.eclipse.swt.widgets.Display.sendEvent(Display.java:4353) [org.eclipse.swt.win32.win32.x86_64_3.103.1.v20140903-1947.jar:na]
	at org.eclipse.swt.widgets.Widget.sendEvent(Widget.java:1061) [org.eclipse.swt.win32.win32.x86_64_3.103.1.v20140903-1947.jar:na]
	at org.eclipse.swt.widgets.Display.runDeferredEvents(Display.java:4172) [org.eclipse.swt.win32.win32.x86_64_3.103.1.v20140903-1947.jar:na]
	at org.eclipse.swt.widgets.Display.readAndDispatch(Display.java:3761) [org.eclipse.swt.win32.win32.x86_64_3.103.1.v20140903-1947.jar:na]
	at org.eclipse.jface.window.Window.runEventLoop(Window.java:832) [org.eclipse.jface_3.10.1.v20140813-1009.jar:na]
	at org.eclipse.jface.window.Window.open(Window.java:808) [org.eclipse.jface_3.10.1.v20140813-1009.jar:na]
	at org.eclipse.ui.internal.handlers.WizardHandler$Import.executeHandler(WizardHandler.java:158) [org.eclipse.ui.workbench_3.106.1.v20140827-1737.jar:na]
	at org.eclipse.ui.internal.handlers.WizardHandler.execute(WizardHandler.java:290) [org.eclipse.ui.workbench_3.106.1.v20140827-1737.jar:na]
	at org.eclipse.ui.internal.handlers.HandlerProxy.execute(HandlerProxy.java:294) [org.eclipse.ui.workbench_3.106.1.v20140827-1737.jar:na]
	at org.eclipse.ui.internal.handlers.E4HandlerProxy.execute(E4HandlerProxy.java:90) [org.eclipse.ui.workbench_3.106.1.v20140827-1737.jar:na]
	at sun.reflect.NativeMethodAccessorImpl.invoke0(Native Method) ~[na:1.6.0]
	at sun.reflect.NativeMethodAccessorImpl.invoke(NativeMethodAccessorImpl.java:60) ~[na:1.6.0]
	at sun.reflect.DelegatingMethodAccessorImpl.invoke(DelegatingMethodAccessorImpl.java:37) ~[na:1.6.0]
	at java.lang.reflect.Method.invoke(Method.java:611) ~[na:1.6.0]
	at org.eclipse.e4.core.internal.di.MethodRequestor.execute(MethodRequestor.java:55) [org.eclipse.e4.core.di_1.4.0.v20140414-1837.jar:na]
	at org.eclipse.e4.core.internal.di.InjectorImpl.invokeUsingClass(InjectorImpl.java:247) [org.eclipse.e4.core.di_1.4.0.v20140414-1837.jar:na]
	at org.eclipse.e4.core.internal.di.InjectorImpl.invoke(InjectorImpl.java:229) [org.eclipse.e4.core.di_1.4.0.v20140414-1837.jar:na]
	at org.eclipse.e4.core.contexts.ContextInjectionFactory.invoke(ContextInjectionFactory.java:132) [org.eclipse.e4.core.contexts_1.3.100.v20140407-1019.jar:na]
	at org.eclipse.e4.core.commands.internal.HandlerServiceHandler.execute(HandlerServiceHandler.java:149) [org.eclipse.e4.core.commands_0.10.2.v20140424-2344.jar:na]
	at org.eclipse.core.commands.Command.executeWithChecks(Command.java:499) [org.eclipse.core.commands_3.6.100.v20140528-1422.jar:na]
	at org.eclipse.core.commands.ParameterizedCommand.executeWithChecks(ParameterizedCommand.java:508) [org.eclipse.core.commands_3.6.100.v20140528-1422.jar:na]
	at org.eclipse.e4.core.commands.internal.HandlerServiceImpl.executeHandler(HandlerServiceImpl.java:210) [org.eclipse.e4.core.commands_0.10.2.v20140424-2344.jar:na]
	at org.eclipse.ui.internal.handlers.LegacyHandlerService.executeCommand(LegacyHandlerService.java:343) [org.eclipse.ui.workbench_3.106.1.v20140827-1737.jar:na]
	at org.eclipse.ui.internal.actions.CommandAction.runWithEvent(CommandAction.java:159) [org.eclipse.ui.workbench_3.106.1.v20140827-1737.jar:na]
	at org.eclipse.ui.internal.actions.CommandAction.run(CommandAction.java:174) [org.eclipse.ui.workbench_3.106.1.v20140827-1737.jar:na]
	at org.eclipse.ui.actions.ImportResourcesAction.run(ImportResourcesAction.java:99) [org.eclipse.ui.workbench_3.106.1.v20140827-1737.jar:na]
	at org.eclipse.ui.actions.BaseSelectionListenerAction.runWithEvent(BaseSelectionListenerAction.java:170) [org.eclipse.ui.workbench_3.106.1.v20140827-1737.jar:na]
	at org.eclipse.jface.action.ActionContributionItem.handleWidgetSelection(ActionContributionItem.java:595) [org.eclipse.jface_3.10.1.v20140813-1009.jar:na]
	at org.eclipse.jface.action.ActionContributionItem.access$2(ActionContributionItem.java:511) [org.eclipse.jface_3.10.1.v20140813-1009.jar:na]
	at org.eclipse.jface.action.ActionContributionItem$5.handleEvent(ActionContributionItem.java:420) [org.eclipse.jface_3.10.1.v20140813-1009.jar:na]
	at org.eclipse.swt.widgets.EventTable.sendEvent(EventTable.java:84) [org.eclipse.swt.win32.win32.x86_64_3.103.1.v20140903-1947.jar:na]
	at org.eclipse.swt.widgets.Display.sendEvent(Display.java:4353) [org.eclipse.swt.win32.win32.x86_64_3.103.1.v20140903-1947.jar:na]
	at org.eclipse.swt.widgets.Widget.sendEvent(Widget.java:1061) [org.eclipse.swt.win32.win32.x86_64_3.103.1.v20140903-1947.jar:na]
	at org.eclipse.swt.widgets.Display.runDeferredEvents(Display.java:4172) [org.eclipse.swt.win32.win32.x86_64_3.103.1.v20140903-1947.jar:na]
	at org.eclipse.swt.widgets.Display.readAndDispatch(Display.java:3761) [org.eclipse.swt.win32.win32.x86_64_3.103.1.v20140903-1947.jar:na]
	at org.eclipse.e4.ui.internal.workbench.swt.PartRenderingEngine$9.run(PartRenderingEngine.java:1151) [org.eclipse.e4.ui.workbench.swt_0.12.100.v20140530-1436.jar:na]
	at org.eclipse.core.databinding.observable.Realm.runWithDefault(Realm.java:332) [org.eclipse.core.databinding.observable_1.4.1.v20140210-1835.jar:na]
	at org.eclipse.e4.ui.internal.workbench.swt.PartRenderingEngine.run(PartRenderingEngine.java:1032) [org.eclipse.e4.ui.workbench.swt_0.12.100.v20140530-1436.jar:na]
	at org.eclipse.e4.ui.internal.workbench.E4Workbench.createAndRunUI(E4Workbench.java:148) [org.eclipse.e4.ui.workbench_1.2.1.v20140901-1244.jar:na]
	at org.eclipse.ui.internal.Workbench$5.run(Workbench.java:636) [org.eclipse.ui.workbench_3.106.1.v20140827-1737.jar:na]
	at org.eclipse.core.databinding.observable.Realm.runWithDefault(Realm.java:332) [org.eclipse.core.databinding.observable_1.4.1.v20140210-1835.jar:na]
	at org.eclipse.ui.internal.Workbench.createAndRunWorkbench(Workbench.java:579) [org.eclipse.ui.workbench_3.106.1.v20140827-1737.jar:na]
	at org.eclipse.ui.PlatformUI.createAndRunWorkbench(PlatformUI.java:150) [org.eclipse.ui.workbench_3.106.1.v20140827-1737.jar:na]
	at org.eclipse.ui.internal.ide.application.IDEApplication.start(IDEApplication.java:135) [org.eclipse.ui.ide.application_1.0.500.v20140514-2033.jar:na]
	at org.eclipse.equinox.internal.app.EclipseAppHandle.run(EclipseAppHandle.java:196) [org.eclipse.equinox.app_1.3.200.v20130910-1609.jar:na]
	at org.eclipse.core.runtime.internal.adaptor.EclipseAppLauncher.runApplication(EclipseAppLauncher.java:134) [org.eclipse.osgi_3.10.1.v20140909-1633.jar:na]
	at org.eclipse.core.runtime.internal.adaptor.EclipseAppLauncher.start(EclipseAppLauncher.java:104) [org.eclipse.osgi_3.10.1.v20140909-1633.jar:na]
	at org.eclipse.core.runtime.adaptor.EclipseStarter.run(EclipseStarter.java:380) [org.eclipse.osgi_3.10.1.v20140909-1633.jar:na]
	at org.eclipse.core.runtime.adaptor.EclipseStarter.run(EclipseStarter.java:235) [org.eclipse.osgi_3.10.1.v20140909-1633.jar:na]
	at sun.reflect.NativeMethodAccessorImpl.invoke0(Native Method) ~[na:1.6.0]
	at sun.reflect.NativeMethodAccessorImpl.invoke(NativeMethodAccessorImpl.java:60) ~[na:1.6.0]
	at sun.reflect.DelegatingMethodAccessorImpl.invoke(DelegatingMethodAccessorImpl.java:37) ~[na:1.6.0]
	at java.lang.reflect.Method.invoke(Method.java:611) ~[na:1.6.0]
	at org.eclipse.equinox.launcher.Main.invokeFramework(Main.java:648) [org.eclipse.equinox.launcher_1.3.0.v20140415-2008.jar:na]
	at org.eclipse.equinox.launcher.Main.basicRun(Main.java:603) [org.eclipse.equinox.launcher_1.3.0.v20140415-2008.jar:na]
	at org.eclipse.equinox.launcher.Main.run(Main.java:1465) [org.eclipse.equinox.launcher_1.3.0.v20140415-2008.jar:na]
	at org.eclipse.equinox.launcher.Main.main(Main.java:1438) [org.eclipse.equinox.launcher_1.3.0.v20140415-2008.jar:na]
2017-07-24 12:21:21,025 [main] WARN  Sisu - Error injecting: org.apache.maven.archetype.downloader.DefaultDownloader
com.google.inject.ProvisionException: Guice provision errors:

1) No implementation for org.apache.maven.artifact.resolver.ArtifactResolver was bound.
  while locating org.apache.maven.archetype.downloader.DefaultDownloader

1 error
	at com.google.inject.internal.InjectorImpl$2.get(InjectorImpl.java:1006) [sisu-guice-3.1.3-no_aop.jar:3.1.3]
	at com.google.inject.internal.InjectorImpl.getInstance(InjectorImpl.java:1032) [sisu-guice-3.1.3-no_aop.jar:3.1.3]
	at org.eclipse.sisu.space.AbstractDeferredClass.get(AbstractDeferredClass.java:48) [org.eclipse.sisu.inject-0.0.0.M5.jar:na]
	at com.google.inject.internal.ProviderInternalFactory.provision(ProviderInternalFactory.java:86) [sisu-guice-3.1.3-no_aop.jar:3.1.3]
	at com.google.inject.internal.InternalFactoryToInitializableAdapter.provision(InternalFactoryToInitializableAdapter.java:55) [sisu-guice-3.1.3-no_aop.jar:3.1.3]
	at com.google.inject.internal.ProviderInternalFactory$1.call(ProviderInternalFactory.java:70) [sisu-guice-3.1.3-no_aop.jar:3.1.3]
	at com.google.inject.internal.ProvisionListenerStackCallback$Provision.provision(ProvisionListenerStackCallback.java:100) [sisu-guice-3.1.3-no_aop.jar:3.1.3]
	at com.google.inject.internal.ProvisionListenerStackCallback$Provision.provision(ProvisionListenerStackCallback.java:116) [sisu-guice-3.1.3-no_aop.jar:3.1.3]
	at com.google.inject.internal.ProvisionListenerStackCallback.provision(ProvisionListenerStackCallback.java:55) [sisu-guice-3.1.3-no_aop.jar:3.1.3]
	at com.google.inject.internal.ProviderInternalFactory.circularGet(ProviderInternalFactory.java:68) [sisu-guice-3.1.3-no_aop.jar:3.1.3]
	at com.google.inject.internal.InternalFactoryToInitializableAdapter.get(InternalFactoryToInitializableAdapter.java:47) [sisu-guice-3.1.3-no_aop.jar:3.1.3]
	at com.google.inject.internal.ProviderToInternalFactoryAdapter$1.call(ProviderToInternalFactoryAdapter.java:46) [sisu-guice-3.1.3-no_aop.jar:3.1.3]
	at com.google.inject.internal.InjectorImpl.callInContext(InjectorImpl.java:1054) [sisu-guice-3.1.3-no_aop.jar:3.1.3]
	at com.google.inject.internal.ProviderToInternalFactoryAdapter.get(ProviderToInternalFactoryAdapter.java:40) [sisu-guice-3.1.3-no_aop.jar:3.1.3]
	at com.google.inject.Scopes$1$1.get(Scopes.java:59) [sisu-guice-3.1.3-no_aop.jar:3.1.3]
	at com.google.inject.internal.InternalFactoryToProviderAdapter.get(InternalFactoryToProviderAdapter.java:41) [sisu-guice-3.1.3-no_aop.jar:3.1.3]
	at com.google.inject.internal.InjectorImpl$2$1.call(InjectorImpl.java:997) [sisu-guice-3.1.3-no_aop.jar:3.1.3]
	at com.google.inject.internal.InjectorImpl.callInContext(InjectorImpl.java:1054) [sisu-guice-3.1.3-no_aop.jar:3.1.3]
	at com.google.inject.internal.InjectorImpl$2.get(InjectorImpl.java:993) [sisu-guice-3.1.3-no_aop.jar:3.1.3]
	at org.eclipse.sisu.inject.LazyBeanEntry.getValue(LazyBeanEntry.java:82) [org.eclipse.sisu.inject-0.0.0.M5.jar:na]
	at org.eclipse.sisu.plexus.LazyPlexusBean.getValue(LazyPlexusBean.java:51) [org.eclipse.sisu.plexus-0.0.0.M5.jar:na]
	at org.eclipse.sisu.plexus.PlexusRequirements$RequirementProvider.get(PlexusRequirements.java:250) [org.eclipse.sisu.plexus-0.0.0.M5.jar:na]
	at org.eclipse.sisu.plexus.ProvidedPropertyBinding.injectProperty(ProvidedPropertyBinding.java:48) [org.eclipse.sisu.plexus-0.0.0.M5.jar:na]
	at org.eclipse.sisu.bean.BeanInjector.injectMembers(BeanInjector.java:52) [org.eclipse.sisu.inject-0.0.0.M5.jar:na]
	at com.google.inject.internal.MembersInjectorImpl.injectMembers(MembersInjectorImpl.java:128) [sisu-guice-3.1.3-no_aop.jar:3.1.3]
	at com.google.inject.internal.ConstructorInjector.provision(ConstructorInjector.java:118) [sisu-guice-3.1.3-no_aop.jar:3.1.3]
	at com.google.inject.internal.ConstructorInjector.access$000(ConstructorInjector.java:32) [sisu-guice-3.1.3-no_aop.jar:3.1.3]
	at com.google.inject.internal.ConstructorInjector$1.call(ConstructorInjector.java:92) [sisu-guice-3.1.3-no_aop.jar:3.1.3]
	at com.google.inject.internal.ProvisionListenerStackCallback$Provision.provision(ProvisionListenerStackCallback.java:100) [sisu-guice-3.1.3-no_aop.jar:3.1.3]
	at com.google.inject.internal.ProvisionListenerStackCallback$Provision.provision(ProvisionListenerStackCallback.java:116) [sisu-guice-3.1.3-no_aop.jar:3.1.3]
	at com.google.inject.internal.ProvisionListenerStackCallback.provision(ProvisionListenerStackCallback.java:55) [sisu-guice-3.1.3-no_aop.jar:3.1.3]
	at com.google.inject.internal.ConstructorInjector.construct(ConstructorInjector.java:90) [sisu-guice-3.1.3-no_aop.jar:3.1.3]
	at com.google.inject.internal.ConstructorBindingImpl$Factory.get(ConstructorBindingImpl.java:269) [sisu-guice-3.1.3-no_aop.jar:3.1.3]
	at com.google.inject.internal.InjectorImpl$2$1.call(InjectorImpl.java:997) [sisu-guice-3.1.3-no_aop.jar:3.1.3]
	at com.google.inject.internal.InjectorImpl.callInContext(InjectorImpl.java:1054) [sisu-guice-3.1.3-no_aop.jar:3.1.3]
	at com.google.inject.internal.InjectorImpl$2.get(InjectorImpl.java:993) [sisu-guice-3.1.3-no_aop.jar:3.1.3]
	at com.google.inject.internal.InjectorImpl.getInstance(InjectorImpl.java:1032) [sisu-guice-3.1.3-no_aop.jar:3.1.3]
	at org.eclipse.sisu.space.AbstractDeferredClass.get(AbstractDeferredClass.java:48) [org.eclipse.sisu.inject-0.0.0.M5.jar:na]
	at com.google.inject.internal.ProviderInternalFactory.provision(ProviderInternalFactory.java:86) [sisu-guice-3.1.3-no_aop.jar:3.1.3]
	at com.google.inject.internal.InternalFactoryToInitializableAdapter.provision(InternalFactoryToInitializableAdapter.java:55) [sisu-guice-3.1.3-no_aop.jar:3.1.3]
	at com.google.inject.internal.ProviderInternalFactory$1.call(ProviderInternalFactory.java:70) [sisu-guice-3.1.3-no_aop.jar:3.1.3]
	at com.google.inject.internal.ProvisionListenerStackCallback$Provision.provision(ProvisionListenerStackCallback.java:100) [sisu-guice-3.1.3-no_aop.jar:3.1.3]
	at org.eclipse.sisu.plexus.PlexusLifecycleManager.onProvision(PlexusLifecycleManager.java:133) [org.eclipse.sisu.plexus-0.0.0.M5.jar:na]
	at com.google.inject.internal.ProvisionListenerStackCallback$Provision.provision(ProvisionListenerStackCallback.java:109) [sisu-guice-3.1.3-no_aop.jar:3.1.3]
	at com.google.inject.internal.ProvisionListenerStackCallback.provision(ProvisionListenerStackCallback.java:55) [sisu-guice-3.1.3-no_aop.jar:3.1.3]
	at com.google.inject.internal.ProviderInternalFactory.circularGet(ProviderInternalFactory.java:68) [sisu-guice-3.1.3-no_aop.jar:3.1.3]
	at com.google.inject.internal.InternalFactoryToInitializableAdapter.get(InternalFactoryToInitializableAdapter.java:47) [sisu-guice-3.1.3-no_aop.jar:3.1.3]
	at com.google.inject.internal.ProviderToInternalFactoryAdapter$1.call(ProviderToInternalFactoryAdapter.java:46) [sisu-guice-3.1.3-no_aop.jar:3.1.3]
	at com.google.inject.internal.InjectorImpl.callInContext(InjectorImpl.java:1054) [sisu-guice-3.1.3-no_aop.jar:3.1.3]
	at com.google.inject.internal.ProviderToInternalFactoryAdapter.get(ProviderToInternalFactoryAdapter.java:40) [sisu-guice-3.1.3-no_aop.jar:3.1.3]
	at com.google.inject.Scopes$1$1.get(Scopes.java:59) [sisu-guice-3.1.3-no_aop.jar:3.1.3]
	at com.google.inject.internal.InternalFactoryToProviderAdapter.get(InternalFactoryToProviderAdapter.java:41) [sisu-guice-3.1.3-no_aop.jar:3.1.3]
	at com.google.inject.internal.InjectorImpl$2$1.call(InjectorImpl.java:997) [sisu-guice-3.1.3-no_aop.jar:3.1.3]
	at com.google.inject.internal.InjectorImpl.callInContext(InjectorImpl.java:1047) [sisu-guice-3.1.3-no_aop.jar:3.1.3]
	at com.google.inject.internal.InjectorImpl$2.get(InjectorImpl.java:993) [sisu-guice-3.1.3-no_aop.jar:3.1.3]
	at org.eclipse.sisu.inject.LazyBeanEntry.getValue(LazyBeanEntry.java:82) [org.eclipse.sisu.inject-0.0.0.M5.jar:na]
	at org.eclipse.sisu.plexus.LazyPlexusBean.getValue(LazyPlexusBean.java:51) [org.eclipse.sisu.plexus-0.0.0.M5.jar:na]
	at org.codehaus.plexus.DefaultPlexusContainer.lookup(DefaultPlexusContainer.java:260) [org.eclipse.sisu.plexus-0.0.0.M5.jar:na]
	at org.codehaus.plexus.DefaultPlexusContainer.lookup(DefaultPlexusContainer.java:252) [org.eclipse.sisu.plexus-0.0.0.M5.jar:na]
	at org.codehaus.plexus.DefaultPlexusContainer.lookup(DefaultPlexusContainer.java:246) [org.eclipse.sisu.plexus-0.0.0.M5.jar:na]
	at org.eclipse.m2e.core.internal.archetype.ArchetypeManager.<init>(ArchetypeManager.java:74) [org.eclipse.m2e.core_1.5.1.20150109-1820.jar:na]
	at org.eclipse.m2e.core.internal.MavenPluginActivator.newArchetypeManager(MavenPluginActivator.java:271) [org.eclipse.m2e.core_1.5.1.20150109-1820.jar:na]
	at org.eclipse.m2e.core.internal.MavenPluginActivator.start(MavenPluginActivator.java:192) [org.eclipse.m2e.core_1.5.1.20150109-1820.jar:na]
	at org.eclipse.osgi.internal.framework.BundleContextImpl$3.run(BundleContextImpl.java:771) [org.eclipse.osgi_3.10.2.v20150203-1939.jar:na]
	at org.eclipse.osgi.internal.framework.BundleContextImpl$3.run(BundleContextImpl.java:1) [org.eclipse.osgi_3.10.2.v20150203-1939.jar:na]
	at java.security.AccessController.doPrivileged(AccessController.java:251) [na:na]
	at org.eclipse.osgi.internal.framework.BundleContextImpl.startActivator(BundleContextImpl.java:764) [org.eclipse.osgi_3.10.2.v20150203-1939.jar:na]
	at org.eclipse.osgi.internal.framework.BundleContextImpl.start(BundleContextImpl.java:721) [org.eclipse.osgi_3.10.2.v20150203-1939.jar:na]
	at org.eclipse.osgi.internal.framework.EquinoxBundle.startWorker0(EquinoxBundle.java:936) [org.eclipse.osgi_3.10.2.v20150203-1939.jar:na]
	at org.eclipse.osgi.internal.framework.EquinoxBundle$EquinoxModule.startWorker(EquinoxBundle.java:319) [org.eclipse.osgi_3.10.2.v20150203-1939.jar:na]
	at org.eclipse.osgi.container.Module.doStart(Module.java:571) [org.eclipse.osgi_3.10.2.v20150203-1939.jar:na]
	at org.eclipse.osgi.container.Module.start(Module.java:439) [org.eclipse.osgi_3.10.2.v20150203-1939.jar:na]
	at org.eclipse.osgi.framework.util.SecureAction.start(SecureAction.java:454) [org.eclipse.osgi_3.10.2.v20150203-1939.jar:na]
	at org.eclipse.osgi.internal.hooks.EclipseLazyStarter.postFindLocalClass(EclipseLazyStarter.java:107) [org.eclipse.osgi_3.10.2.v20150203-1939.jar:na]
	at org.eclipse.osgi.internal.loader.classpath.ClasspathManager.findLocalClass(ClasspathManager.java:531) [org.eclipse.osgi_3.10.2.v20150203-1939.jar:na]
	at org.eclipse.osgi.internal.loader.ModuleClassLoader.findLocalClass(ModuleClassLoader.java:324) [org.eclipse.osgi_3.10.2.v20150203-1939.jar:na]
	at org.eclipse.osgi.internal.loader.BundleLoader.findLocalClass(BundleLoader.java:320) [org.eclipse.osgi_3.10.2.v20150203-1939.jar:na]
	at org.eclipse.osgi.internal.loader.sources.SingleSourcePackage.loadClass(SingleSourcePackage.java:36) [org.eclipse.osgi_3.10.2.v20150203-1939.jar:na]
	at org.eclipse.osgi.internal.loader.BundleLoader.findClassInternal(BundleLoader.java:391) [org.eclipse.osgi_3.10.2.v20150203-1939.jar:na]
	at org.eclipse.osgi.internal.loader.BundleLoader.findClass(BundleLoader.java:345) [org.eclipse.osgi_3.10.2.v20150203-1939.jar:na]
	at org.eclipse.osgi.internal.loader.BundleLoader.findClass(BundleLoader.java:337) [org.eclipse.osgi_3.10.2.v20150203-1939.jar:na]
	at org.eclipse.osgi.internal.loader.ModuleClassLoader.loadClass(ModuleClassLoader.java:160) [org.eclipse.osgi_3.10.2.v20150203-1939.jar:na]
	at java.lang.ClassLoader.loadClass(ClassLoader.java:626) [na:1.6.0]
	at java.lang.J9VMInternals.verifyImpl(Native Method) [na:1.6.0]
	at java.lang.J9VMInternals.verify(J9VMInternals.java:72) [na:1.6.0]
	at java.lang.J9VMInternals.initialize(J9VMInternals.java:134) [na:1.6.0]
	at java.lang.J9VMInternals.newInstanceImpl(Native Method) [na:1.6.0]
	at java.lang.Class.newInstance(Class.java:1345) [na:1.6.0]
	at org.eclipse.osgi.internal.framework.BundleContextImpl.loadBundleActivator(BundleContextImpl.java:755) [org.eclipse.osgi_3.10.2.v20150203-1939.jar:na]
	at org.eclipse.osgi.internal.framework.BundleContextImpl.start(BundleContextImpl.java:706) [org.eclipse.osgi_3.10.2.v20150203-1939.jar:na]
	at org.eclipse.osgi.internal.framework.EquinoxBundle.startWorker0(EquinoxBundle.java:936) [org.eclipse.osgi_3.10.2.v20150203-1939.jar:na]
	at org.eclipse.osgi.internal.framework.EquinoxBundle$EquinoxModule.startWorker(EquinoxBundle.java:319) [org.eclipse.osgi_3.10.2.v20150203-1939.jar:na]
	at org.eclipse.osgi.container.Module.doStart(Module.java:571) [org.eclipse.osgi_3.10.2.v20150203-1939.jar:na]
	at org.eclipse.osgi.container.Module.start(Module.java:439) [org.eclipse.osgi_3.10.2.v20150203-1939.jar:na]
	at org.eclipse.osgi.framework.util.SecureAction.start(SecureAction.java:454) [org.eclipse.osgi_3.10.2.v20150203-1939.jar:na]
	at org.eclipse.osgi.internal.hooks.EclipseLazyStarter.postFindLocalClass(EclipseLazyStarter.java:107) [org.eclipse.osgi_3.10.2.v20150203-1939.jar:na]
	at org.eclipse.osgi.internal.loader.classpath.ClasspathManager.findLocalClass(ClasspathManager.java:531) [org.eclipse.osgi_3.10.2.v20150203-1939.jar:na]
	at org.eclipse.osgi.internal.loader.ModuleClassLoader.findLocalClass(ModuleClassLoader.java:324) [org.eclipse.osgi_3.10.2.v20150203-1939.jar:na]
	at org.eclipse.osgi.internal.loader.BundleLoader.findLocalClass(BundleLoader.java:320) [org.eclipse.osgi_3.10.2.v20150203-1939.jar:na]
	at org.eclipse.osgi.internal.loader.BundleLoader.findClassInternal(BundleLoader.java:395) [org.eclipse.osgi_3.10.2.v20150203-1939.jar:na]
	at org.eclipse.osgi.internal.loader.BundleLoader.findClass(BundleLoader.java:345) [org.eclipse.osgi_3.10.2.v20150203-1939.jar:na]
	at org.eclipse.osgi.internal.loader.BundleLoader.findClass(BundleLoader.java:337) [org.eclipse.osgi_3.10.2.v20150203-1939.jar:na]
	at org.eclipse.osgi.internal.loader.ModuleClassLoader.loadClass(ModuleClassLoader.java:160) [org.eclipse.osgi_3.10.2.v20150203-1939.jar:na]
	at java.lang.ClassLoader.loadClass(ClassLoader.java:626) [na:1.6.0]
	at org.eclipse.osgi.internal.framework.EquinoxBundle.loadClass(EquinoxBundle.java:568) [org.eclipse.osgi_3.10.2.v20150203-1939.jar:na]
	at org.eclipse.core.internal.registry.osgi.RegistryStrategyOSGI.createExecutableExtension(RegistryStrategyOSGI.java:174) [org.eclipse.equinox.registry_3.5.400.v20140428-1507.jar:na]
	at org.eclipse.core.internal.registry.ExtensionRegistry.createExecutableExtension(ExtensionRegistry.java:905) [org.eclipse.equinox.registry_3.5.400.v20140428-1507.jar:na]
	at org.eclipse.core.internal.registry.ConfigurationElement.createExecutableExtension(ConfigurationElement.java:243) [org.eclipse.equinox.registry_3.5.400.v20140428-1507.jar:na]
	at org.eclipse.core.internal.registry.ConfigurationElementHandle.createExecutableExtension(ConfigurationElementHandle.java:55) [org.eclipse.equinox.registry_3.5.400.v20140428-1507.jar:na]
	at org.eclipse.ui.internal.WorkbenchPlugin$1.run(WorkbenchPlugin.java:294) [org.eclipse.ui.workbench_3.106.2.v20150204-1030.jar:na]
	at org.eclipse.swt.custom.BusyIndicator.showWhile(BusyIndicator.java:70) [org.eclipse.swt.win32.win32.x86_3.103.2.v20150203-1351.jar:na]
	at org.eclipse.ui.internal.WorkbenchPlugin.createExtension(WorkbenchPlugin.java:289) [org.eclipse.ui.workbench_3.106.2.v20150204-1030.jar:na]
	at org.eclipse.ui.internal.dialogs.WorkbenchWizardElement.createExecutableExtension(WorkbenchWizardElement.java:123) [org.eclipse.ui.workbench_3.106.2.v20150204-1030.jar:na]
	at org.eclipse.ui.internal.dialogs.WorkbenchWizardElement.createWizard(WorkbenchWizardElement.java:278) [org.eclipse.ui.workbench_3.106.2.v20150204-1030.jar:na]
	at org.eclipse.ui.internal.dialogs.ImportExportPage$1.createWizard(ImportExportPage.java:303) [org.eclipse.ui.workbench_3.106.2.v20150204-1030.jar:na]
	at org.eclipse.ui.internal.dialogs.WorkbenchWizardNode$1$1.run(WorkbenchWizardNode.java:159) [org.eclipse.ui.workbench_3.106.2.v20150204-1030.jar:na]
	at org.eclipse.core.runtime.SafeRunner.run(SafeRunner.java:42) [org.eclipse.equinox.common_3.6.200.v20130402-1505.jar:na]
	at org.eclipse.ui.internal.dialogs.WorkbenchWizardNode$1.run(WorkbenchWizardNode.java:141) [org.eclipse.ui.workbench_3.106.2.v20150204-1030.jar:na]
	at org.eclipse.swt.custom.BusyIndicator.showWhile(BusyIndicator.java:70) [org.eclipse.swt.win32.win32.x86_3.103.2.v20150203-1351.jar:na]
	at org.eclipse.ui.internal.dialogs.WorkbenchWizardNode.getWizard(WorkbenchWizardNode.java:137) [org.eclipse.ui.workbench_3.106.2.v20150204-1030.jar:na]
	at org.eclipse.jface.wizard.WizardSelectionPage.getNextPage(WizardSelectionPage.java:107) [org.eclipse.jface_3.10.2.v20141021-1035.jar:na]
	at org.eclipse.ui.internal.dialogs.WorkbenchWizardSelectionPage.getNextPage(WorkbenchWizardSelectionPage.java:101) [org.eclipse.ui.workbench_3.106.2.v20150204-1030.jar:na]
	at org.eclipse.ui.internal.dialogs.ImportExportPage.getNextPage(ImportExportPage.java:435) [org.eclipse.ui.workbench_3.106.2.v20150204-1030.jar:na]
	at org.eclipse.jface.wizard.WizardDialog.nextPressed(WizardDialog.java:935) [org.eclipse.jface_3.10.2.v20141021-1035.jar:na]
	at org.eclipse.jface.wizard.WizardDialog.buttonPressed(WizardDialog.java:434) [org.eclipse.jface_3.10.2.v20141021-1035.jar:na]
	at org.eclipse.jface.dialogs.Dialog$2.widgetSelected(Dialog.java:619) [org.eclipse.jface_3.10.2.v20141021-1035.jar:na]
	at org.eclipse.swt.widgets.TypedListener.handleEvent(TypedListener.java:248) [org.eclipse.swt.win32.win32.x86_3.103.2.v20150203-1351.jar:na]
	at org.eclipse.swt.widgets.EventTable.sendEvent(EventTable.java:84) [org.eclipse.swt.win32.win32.x86_3.103.2.v20150203-1351.jar:na]
	at org.eclipse.swt.widgets.Display.sendEvent(Display.java:4353) [org.eclipse.swt.win32.win32.x86_3.103.2.v20150203-1351.jar:na]
	at org.eclipse.swt.widgets.Widget.sendEvent(Widget.java:1061) [org.eclipse.swt.win32.win32.x86_3.103.2.v20150203-1351.jar:na]
	at org.eclipse.swt.widgets.Display.runDeferredEvents(Display.java:4172) [org.eclipse.swt.win32.win32.x86_3.103.2.v20150203-1351.jar:na]
	at org.eclipse.swt.widgets.Display.readAndDispatch(Display.java:3761) [org.eclipse.swt.win32.win32.x86_3.103.2.v20150203-1351.jar:na]
	at org.eclipse.jface.window.Window.runEventLoop(Window.java:832) [org.eclipse.jface_3.10.2.v20141021-1035.jar:na]
	at org.eclipse.jface.window.Window.open(Window.java:808) [org.eclipse.jface_3.10.2.v20141021-1035.jar:na]
	at org.eclipse.ui.internal.handlers.WizardHandler$Import.executeHandler(WizardHandler.java:158) [org.eclipse.ui.workbench_3.106.2.v20150204-1030.jar:na]
	at org.eclipse.ui.internal.handlers.WizardHandler.execute(WizardHandler.java:290) [org.eclipse.ui.workbench_3.106.2.v20150204-1030.jar:na]
	at org.eclipse.ui.internal.handlers.HandlerProxy.execute(HandlerProxy.java:294) [org.eclipse.ui.workbench_3.106.2.v20150204-1030.jar:na]
	at org.eclipse.ui.internal.handlers.E4HandlerProxy.execute(E4HandlerProxy.java:90) [org.eclipse.ui.workbench_3.106.2.v20150204-1030.jar:na]
	at sun.reflect.NativeMethodAccessorImpl.invoke0(Native Method) ~[na:1.6.0]
	at sun.reflect.NativeMethodAccessorImpl.invoke(NativeMethodAccessorImpl.java:48) ~[na:1.6.0]
	at sun.reflect.DelegatingMethodAccessorImpl.invoke(DelegatingMethodAccessorImpl.java:25) ~[na:1.6.0]
	at java.lang.reflect.Method.invoke(Method.java:600) ~[na:1.6.0]
	at org.eclipse.e4.core.internal.di.MethodRequestor.execute(MethodRequestor.java:55) [org.eclipse.e4.core.di_1.4.0.v20140414-1837.jar:na]
	at org.eclipse.e4.core.internal.di.InjectorImpl.invokeUsingClass(InjectorImpl.java:247) [org.eclipse.e4.core.di_1.4.0.v20140414-1837.jar:na]
	at org.eclipse.e4.core.internal.di.InjectorImpl.invoke(InjectorImpl.java:229) [org.eclipse.e4.core.di_1.4.0.v20140414-1837.jar:na]
	at org.eclipse.e4.core.contexts.ContextInjectionFactory.invoke(ContextInjectionFactory.java:132) [org.eclipse.e4.core.contexts_1.3.100.v20140407-1019.jar:na]
	at org.eclipse.e4.core.commands.internal.HandlerServiceHandler.execute(HandlerServiceHandler.java:149) [org.eclipse.e4.core.commands_0.10.2.v20140424-2344.jar:na]
	at org.eclipse.core.commands.Command.executeWithChecks(Command.java:499) [org.eclipse.core.commands_3.6.100.v20140528-1422.jar:na]
	at org.eclipse.core.commands.ParameterizedCommand.executeWithChecks(ParameterizedCommand.java:508) [org.eclipse.core.commands_3.6.100.v20140528-1422.jar:na]
	at org.eclipse.e4.core.commands.internal.HandlerServiceImpl.executeHandler(HandlerServiceImpl.java:210) [org.eclipse.e4.core.commands_0.10.2.v20140424-2344.jar:na]
	at org.eclipse.ui.internal.handlers.LegacyHandlerService.executeCommand(LegacyHandlerService.java:343) [org.eclipse.ui.workbench_3.106.2.v20150204-1030.jar:na]
	at org.eclipse.ui.internal.actions.CommandAction.runWithEvent(CommandAction.java:159) [org.eclipse.ui.workbench_3.106.2.v20150204-1030.jar:na]
	at org.eclipse.ui.internal.actions.CommandAction.run(CommandAction.java:174) [org.eclipse.ui.workbench_3.106.2.v20150204-1030.jar:na]
	at org.eclipse.ui.actions.ImportResourcesAction.run(ImportResourcesAction.java:99) [org.eclipse.ui.workbench_3.106.2.v20150204-1030.jar:na]
	at org.eclipse.ui.actions.BaseSelectionListenerAction.runWithEvent(BaseSelectionListenerAction.java:170) [org.eclipse.ui.workbench_3.106.2.v20150204-1030.jar:na]
	at org.eclipse.jface.action.ActionContributionItem.handleWidgetSelection(ActionContributionItem.java:595) [org.eclipse.jface_3.10.2.v20141021-1035.jar:na]
	at org.eclipse.jface.action.ActionContributionItem.access$2(ActionContributionItem.java:511) [org.eclipse.jface_3.10.2.v20141021-1035.jar:na]
	at org.eclipse.jface.action.ActionContributionItem$5.handleEvent(ActionContributionItem.java:420) [org.eclipse.jface_3.10.2.v20141021-1035.jar:na]
	at org.eclipse.swt.widgets.EventTable.sendEvent(EventTable.java:84) [org.eclipse.swt.win32.win32.x86_3.103.2.v20150203-1351.jar:na]
	at org.eclipse.swt.widgets.Display.sendEvent(Display.java:4353) [org.eclipse.swt.win32.win32.x86_3.103.2.v20150203-1351.jar:na]
	at org.eclipse.swt.widgets.Widget.sendEvent(Widget.java:1061) [org.eclipse.swt.win32.win32.x86_3.103.2.v20150203-1351.jar:na]
	at org.eclipse.swt.widgets.Display.runDeferredEvents(Display.java:4172) [org.eclipse.swt.win32.win32.x86_3.103.2.v20150203-1351.jar:na]
	at org.eclipse.swt.widgets.Display.readAndDispatch(Display.java:3761) [org.eclipse.swt.win32.win32.x86_3.103.2.v20150203-1351.jar:na]
	at org.eclipse.e4.ui.internal.workbench.swt.PartRenderingEngine$9.run(PartRenderingEngine.java:1151) [org.eclipse.e4.ui.workbench.swt_0.12.100.v20141126-1150.jar:na]
	at org.eclipse.core.databinding.observable.Realm.runWithDefault(Realm.java:332) [org.eclipse.core.databinding.observable_1.4.1.v20140210-1835.jar:na]
	at org.eclipse.e4.ui.internal.workbench.swt.PartRenderingEngine.run(PartRenderingEngine.java:1032) [org.eclipse.e4.ui.workbench.swt_0.12.100.v20141126-1150.jar:na]
	at org.eclipse.e4.ui.internal.workbench.E4Workbench.createAndRunUI(E4Workbench.java:148) [org.eclipse.e4.ui.workbench_1.2.2.v20141212-1259.jar:na]
	at org.eclipse.ui.internal.Workbench$5.run(Workbench.java:636) [org.eclipse.ui.workbench_3.106.2.v20150204-1030.jar:na]
	at org.eclipse.core.databinding.observable.Realm.runWithDefault(Realm.java:332) [org.eclipse.core.databinding.observable_1.4.1.v20140210-1835.jar:na]
	at org.eclipse.ui.internal.Workbench.createAndRunWorkbench(Workbench.java:579) [org.eclipse.ui.workbench_3.106.2.v20150204-1030.jar:na]
	at org.eclipse.ui.PlatformUI.createAndRunWorkbench(PlatformUI.java:150) [org.eclipse.ui.workbench_3.106.2.v20150204-1030.jar:na]
	at org.eclipse.ui.internal.ide.application.IDEApplication.start(IDEApplication.java:135) [org.eclipse.ui.ide.application_1.0.501.v20141111-1238.jar:na]
	at org.eclipse.equinox.internal.app.EclipseAppHandle.run(EclipseAppHandle.java:196) [org.eclipse.equinox.app_1.3.200.v20130910-1609.jar:na]
	at org.eclipse.core.runtime.internal.adaptor.EclipseAppLauncher.runApplication(EclipseAppLauncher.java:134) [org.eclipse.osgi_3.10.2.v20150203-1939.jar:na]
	at org.eclipse.core.runtime.internal.adaptor.EclipseAppLauncher.start(EclipseAppLauncher.java:104) [org.eclipse.osgi_3.10.2.v20150203-1939.jar:na]
	at org.eclipse.core.runtime.adaptor.EclipseStarter.run(EclipseStarter.java:380) [org.eclipse.osgi_3.10.2.v20150203-1939.jar:na]
	at org.eclipse.core.runtime.adaptor.EclipseStarter.run(EclipseStarter.java:235) [org.eclipse.osgi_3.10.2.v20150203-1939.jar:na]
	at sun.reflect.NativeMethodAccessorImpl.invoke0(Native Method) ~[na:1.6.0]
	at sun.reflect.NativeMethodAccessorImpl.invoke(NativeMethodAccessorImpl.java:48) ~[na:1.6.0]
	at sun.reflect.DelegatingMethodAccessorImpl.invoke(DelegatingMethodAccessorImpl.java:25) ~[na:1.6.0]
	at java.lang.reflect.Method.invoke(Method.java:600) ~[na:1.6.0]
	at org.eclipse.equinox.launcher.Main.invokeFramework(Main.java:648) [org.eclipse.equinox.launcher_1.3.0.v20140415-2008.jar:na]
	at org.eclipse.equinox.launcher.Main.basicRun(Main.java:603) [org.eclipse.equinox.launcher_1.3.0.v20140415-2008.jar:na]
	at org.eclipse.equinox.launcher.Main.run(Main.java:1465) [org.eclipse.equinox.launcher_1.3.0.v20140415-2008.jar:na]
	at org.eclipse.equinox.launcher.Main.main(Main.java:1438) [org.eclipse.equinox.launcher_1.3.0.v20140415-2008.jar:na]
2017-07-24 12:21:21,055 [main] WARN  Sisu - Error injecting: org.apache.maven.archetype.common.DefaultArchetypeArtifactManager
com.google.inject.ProvisionException: Guice provision errors:

1) No implementation for org.apache.maven.artifact.resolver.ArtifactResolver was bound.
  while locating org.apache.maven.archetype.downloader.DefaultDownloader
  at ClassRealm[plexus.core, parent: null]
  at ClassRealm[plexus.core, parent: null]
  while locating org.apache.maven.archetype.downloader.Downloader
  while locating org.apache.maven.archetype.common.DefaultArchetypeArtifactManager

1 error
	at com.google.inject.internal.InjectorImpl$2.get(InjectorImpl.java:1006) [sisu-guice-3.1.3-no_aop.jar:3.1.3]
	at com.google.inject.internal.InjectorImpl.getInstance(InjectorImpl.java:1032) [sisu-guice-3.1.3-no_aop.jar:3.1.3]
	at org.eclipse.sisu.space.AbstractDeferredClass.get(AbstractDeferredClass.java:48) ~[org.eclipse.sisu.inject-0.0.0.M5.jar:na]
	at com.google.inject.internal.ProviderInternalFactory.provision(ProviderInternalFactory.java:86) [sisu-guice-3.1.3-no_aop.jar:3.1.3]
	at com.google.inject.internal.InternalFactoryToInitializableAdapter.provision(InternalFactoryToInitializableAdapter.java:55) [sisu-guice-3.1.3-no_aop.jar:3.1.3]
	at com.google.inject.internal.ProviderInternalFactory$1.call(ProviderInternalFactory.java:70) [sisu-guice-3.1.3-no_aop.jar:3.1.3]
	at com.google.inject.internal.ProvisionListenerStackCallback$Provision.provision(ProvisionListenerStackCallback.java:100) [sisu-guice-3.1.3-no_aop.jar:3.1.3]
	at org.eclipse.sisu.plexus.PlexusLifecycleManager.onProvision(PlexusLifecycleManager.java:133) [org.eclipse.sisu.plexus-0.0.0.M5.jar:na]
	at com.google.inject.internal.ProvisionListenerStackCallback$Provision.provision(ProvisionListenerStackCallback.java:109) [sisu-guice-3.1.3-no_aop.jar:3.1.3]
	at com.google.inject.internal.ProvisionListenerStackCallback.provision(ProvisionListenerStackCallback.java:55) [sisu-guice-3.1.3-no_aop.jar:3.1.3]
	at com.google.inject.internal.ProviderInternalFactory.circularGet(ProviderInternalFactory.java:68) [sisu-guice-3.1.3-no_aop.jar:3.1.3]
	at com.google.inject.internal.InternalFactoryToInitializableAdapter.get(InternalFactoryToInitializableAdapter.java:47) [sisu-guice-3.1.3-no_aop.jar:3.1.3]
	at com.google.inject.internal.ProviderToInternalFactoryAdapter$1.call(ProviderToInternalFactoryAdapter.java:46) [sisu-guice-3.1.3-no_aop.jar:3.1.3]
	at com.google.inject.internal.InjectorImpl.callInContext(InjectorImpl.java:1054) [sisu-guice-3.1.3-no_aop.jar:3.1.3]
	at com.google.inject.internal.ProviderToInternalFactoryAdapter.get(ProviderToInternalFactoryAdapter.java:40) [sisu-guice-3.1.3-no_aop.jar:3.1.3]
	at com.google.inject.Scopes$1$1.get(Scopes.java:59) [sisu-guice-3.1.3-no_aop.jar:3.1.3]
	at com.google.inject.internal.InternalFactoryToProviderAdapter.get(InternalFactoryToProviderAdapter.java:41) [sisu-guice-3.1.3-no_aop.jar:3.1.3]
	at com.google.inject.internal.InjectorImpl$2$1.call(InjectorImpl.java:997) [sisu-guice-3.1.3-no_aop.jar:3.1.3]
	at com.google.inject.internal.InjectorImpl.callInContext(InjectorImpl.java:1047) [sisu-guice-3.1.3-no_aop.jar:3.1.3]
	at com.google.inject.internal.InjectorImpl$2.get(InjectorImpl.java:993) [sisu-guice-3.1.3-no_aop.jar:3.1.3]
	at org.eclipse.sisu.inject.LazyBeanEntry.getValue(LazyBeanEntry.java:82) [org.eclipse.sisu.inject-0.0.0.M5.jar:na]
	at org.eclipse.sisu.plexus.LazyPlexusBean.getValue(LazyPlexusBean.java:51) [org.eclipse.sisu.plexus-0.0.0.M5.jar:na]
	at org.codehaus.plexus.DefaultPlexusContainer.lookup(DefaultPlexusContainer.java:260) [org.eclipse.sisu.plexus-0.0.0.M5.jar:na]
	at org.codehaus.plexus.DefaultPlexusContainer.lookup(DefaultPlexusContainer.java:252) [org.eclipse.sisu.plexus-0.0.0.M5.jar:na]
	at org.codehaus.plexus.DefaultPlexusContainer.lookup(DefaultPlexusContainer.java:246) [org.eclipse.sisu.plexus-0.0.0.M5.jar:na]
	at org.eclipse.m2e.core.internal.archetype.ArchetypeManager.<init>(ArchetypeManager.java:74) [org.eclipse.m2e.core_1.5.1.20150109-1820.jar:na]
	at org.eclipse.m2e.core.internal.MavenPluginActivator.newArchetypeManager(MavenPluginActivator.java:271) [org.eclipse.m2e.core_1.5.1.20150109-1820.jar:na]
	at org.eclipse.m2e.core.internal.MavenPluginActivator.start(MavenPluginActivator.java:192) [org.eclipse.m2e.core_1.5.1.20150109-1820.jar:na]
	at org.eclipse.osgi.internal.framework.BundleContextImpl$3.run(BundleContextImpl.java:771) [org.eclipse.osgi_3.10.2.v20150203-1939.jar:na]
	at org.eclipse.osgi.internal.framework.BundleContextImpl$3.run(BundleContextImpl.java:1) [org.eclipse.osgi_3.10.2.v20150203-1939.jar:na]
	at java.security.AccessController.doPrivileged(AccessController.java:251) [na:na]
	at org.eclipse.osgi.internal.framework.BundleContextImpl.startActivator(BundleContextImpl.java:764) [org.eclipse.osgi_3.10.2.v20150203-1939.jar:na]
	at org.eclipse.osgi.internal.framework.BundleContextImpl.start(BundleContextImpl.java:721) [org.eclipse.osgi_3.10.2.v20150203-1939.jar:na]
	at org.eclipse.osgi.internal.framework.EquinoxBundle.startWorker0(EquinoxBundle.java:936) [org.eclipse.osgi_3.10.2.v20150203-1939.jar:na]
	at org.eclipse.osgi.internal.framework.EquinoxBundle$EquinoxModule.startWorker(EquinoxBundle.java:319) [org.eclipse.osgi_3.10.2.v20150203-1939.jar:na]
	at org.eclipse.osgi.container.Module.doStart(Module.java:571) [org.eclipse.osgi_3.10.2.v20150203-1939.jar:na]
	at org.eclipse.osgi.container.Module.start(Module.java:439) [org.eclipse.osgi_3.10.2.v20150203-1939.jar:na]
	at org.eclipse.osgi.framework.util.SecureAction.start(SecureAction.java:454) [org.eclipse.osgi_3.10.2.v20150203-1939.jar:na]
	at org.eclipse.osgi.internal.hooks.EclipseLazyStarter.postFindLocalClass(EclipseLazyStarter.java:107) [org.eclipse.osgi_3.10.2.v20150203-1939.jar:na]
	at org.eclipse.osgi.internal.loader.classpath.ClasspathManager.findLocalClass(ClasspathManager.java:531) [org.eclipse.osgi_3.10.2.v20150203-1939.jar:na]
	at org.eclipse.osgi.internal.loader.ModuleClassLoader.findLocalClass(ModuleClassLoader.java:324) [org.eclipse.osgi_3.10.2.v20150203-1939.jar:na]
	at org.eclipse.osgi.internal.loader.BundleLoader.findLocalClass(BundleLoader.java:320) [org.eclipse.osgi_3.10.2.v20150203-1939.jar:na]
	at org.eclipse.osgi.internal.loader.sources.SingleSourcePackage.loadClass(SingleSourcePackage.java:36) [org.eclipse.osgi_3.10.2.v20150203-1939.jar:na]
	at org.eclipse.osgi.internal.loader.BundleLoader.findClassInternal(BundleLoader.java:391) [org.eclipse.osgi_3.10.2.v20150203-1939.jar:na]
	at org.eclipse.osgi.internal.loader.BundleLoader.findClass(BundleLoader.java:345) [org.eclipse.osgi_3.10.2.v20150203-1939.jar:na]
	at org.eclipse.osgi.internal.loader.BundleLoader.findClass(BundleLoader.java:337) [org.eclipse.osgi_3.10.2.v20150203-1939.jar:na]
	at org.eclipse.osgi.internal.loader.ModuleClassLoader.loadClass(ModuleClassLoader.java:160) [org.eclipse.osgi_3.10.2.v20150203-1939.jar:na]
	at java.lang.ClassLoader.loadClass(ClassLoader.java:626) [na:1.6.0]
	at java.lang.J9VMInternals.verifyImpl(Native Method) [na:1.6.0]
	at java.lang.J9VMInternals.verify(J9VMInternals.java:72) [na:1.6.0]
	at java.lang.J9VMInternals.initialize(J9VMInternals.java:134) [na:1.6.0]
	at java.lang.J9VMInternals.newInstanceImpl(Native Method) [na:1.6.0]
	at java.lang.Class.newInstance(Class.java:1345) [na:1.6.0]
	at org.eclipse.osgi.internal.framework.BundleContextImpl.loadBundleActivator(BundleContextImpl.java:755) [org.eclipse.osgi_3.10.2.v20150203-1939.jar:na]
	at org.eclipse.osgi.internal.framework.BundleContextImpl.start(BundleContextImpl.java:706) [org.eclipse.osgi_3.10.2.v20150203-1939.jar:na]
	at org.eclipse.osgi.internal.framework.EquinoxBundle.startWorker0(EquinoxBundle.java:936) [org.eclipse.osgi_3.10.2.v20150203-1939.jar:na]
	at org.eclipse.osgi.internal.framework.EquinoxBundle$EquinoxModule.startWorker(EquinoxBundle.java:319) [org.eclipse.osgi_3.10.2.v20150203-1939.jar:na]
	at org.eclipse.osgi.container.Module.doStart(Module.java:571) [org.eclipse.osgi_3.10.2.v20150203-1939.jar:na]
	at org.eclipse.osgi.container.Module.start(Module.java:439) [org.eclipse.osgi_3.10.2.v20150203-1939.jar:na]
	at org.eclipse.osgi.framework.util.SecureAction.start(SecureAction.java:454) [org.eclipse.osgi_3.10.2.v20150203-1939.jar:na]
	at org.eclipse.osgi.internal.hooks.EclipseLazyStarter.postFindLocalClass(EclipseLazyStarter.java:107) [org.eclipse.osgi_3.10.2.v20150203-1939.jar:na]
	at org.eclipse.osgi.internal.loader.classpath.ClasspathManager.findLocalClass(ClasspathManager.java:531) [org.eclipse.osgi_3.10.2.v20150203-1939.jar:na]
	at org.eclipse.osgi.internal.loader.ModuleClassLoader.findLocalClass(ModuleClassLoader.java:324) [org.eclipse.osgi_3.10.2.v20150203-1939.jar:na]
	at org.eclipse.osgi.internal.loader.BundleLoader.findLocalClass(BundleLoader.java:320) [org.eclipse.osgi_3.10.2.v20150203-1939.jar:na]
	at org.eclipse.osgi.internal.loader.BundleLoader.findClassInternal(BundleLoader.java:395) [org.eclipse.osgi_3.10.2.v20150203-1939.jar:na]
	at org.eclipse.osgi.internal.loader.BundleLoader.findClass(BundleLoader.java:345) [org.eclipse.osgi_3.10.2.v20150203-1939.jar:na]
	at org.eclipse.osgi.internal.loader.BundleLoader.findClass(BundleLoader.java:337) [org.eclipse.osgi_3.10.2.v20150203-1939.jar:na]
	at org.eclipse.osgi.internal.loader.ModuleClassLoader.loadClass(ModuleClassLoader.java:160) [org.eclipse.osgi_3.10.2.v20150203-1939.jar:na]
	at java.lang.ClassLoader.loadClass(ClassLoader.java:626) [na:1.6.0]
	at org.eclipse.osgi.internal.framework.EquinoxBundle.loadClass(EquinoxBundle.java:568) [org.eclipse.osgi_3.10.2.v20150203-1939.jar:na]
	at org.eclipse.core.internal.registry.osgi.RegistryStrategyOSGI.createExecutableExtension(RegistryStrategyOSGI.java:174) [org.eclipse.equinox.registry_3.5.400.v20140428-1507.jar:na]
	at org.eclipse.core.internal.registry.ExtensionRegistry.createExecutableExtension(ExtensionRegistry.java:905) [org.eclipse.equinox.registry_3.5.400.v20140428-1507.jar:na]
	at org.eclipse.core.internal.registry.ConfigurationElement.createExecutableExtension(ConfigurationElement.java:243) [org.eclipse.equinox.registry_3.5.400.v20140428-1507.jar:na]
	at org.eclipse.core.internal.registry.ConfigurationElementHandle.createExecutableExtension(ConfigurationElementHandle.java:55) [org.eclipse.equinox.registry_3.5.400.v20140428-1507.jar:na]
	at org.eclipse.ui.internal.WorkbenchPlugin$1.run(WorkbenchPlugin.java:294) [org.eclipse.ui.workbench_3.106.2.v20150204-1030.jar:na]
	at org.eclipse.swt.custom.BusyIndicator.showWhile(BusyIndicator.java:70) [org.eclipse.swt.win32.win32.x86_3.103.2.v20150203-1351.jar:na]
	at org.eclipse.ui.internal.WorkbenchPlugin.createExtension(WorkbenchPlugin.java:289) [org.eclipse.ui.workbench_3.106.2.v20150204-1030.jar:na]
	at org.eclipse.ui.internal.dialogs.WorkbenchWizardElement.createExecutableExtension(WorkbenchWizardElement.java:123) [org.eclipse.ui.workbench_3.106.2.v20150204-1030.jar:na]
	at org.eclipse.ui.internal.dialogs.WorkbenchWizardElement.createWizard(WorkbenchWizardElement.java:278) [org.eclipse.ui.workbench_3.106.2.v20150204-1030.jar:na]
	at org.eclipse.ui.internal.dialogs.ImportExportPage$1.createWizard(ImportExportPage.java:303) [org.eclipse.ui.workbench_3.106.2.v20150204-1030.jar:na]
	at org.eclipse.ui.internal.dialogs.WorkbenchWizardNode$1$1.run(WorkbenchWizardNode.java:159) [org.eclipse.ui.workbench_3.106.2.v20150204-1030.jar:na]
	at org.eclipse.core.runtime.SafeRunner.run(SafeRunner.java:42) [org.eclipse.equinox.common_3.6.200.v20130402-1505.jar:na]
	at org.eclipse.ui.internal.dialogs.WorkbenchWizardNode$1.run(WorkbenchWizardNode.java:141) [org.eclipse.ui.workbench_3.106.2.v20150204-1030.jar:na]
	at org.eclipse.swt.custom.BusyIndicator.showWhile(BusyIndicator.java:70) [org.eclipse.swt.win32.win32.x86_3.103.2.v20150203-1351.jar:na]
	at org.eclipse.ui.internal.dialogs.WorkbenchWizardNode.getWizard(WorkbenchWizardNode.java:137) [org.eclipse.ui.workbench_3.106.2.v20150204-1030.jar:na]
	at org.eclipse.jface.wizard.WizardSelectionPage.getNextPage(WizardSelectionPage.java:107) [org.eclipse.jface_3.10.2.v20141021-1035.jar:na]
	at org.eclipse.ui.internal.dialogs.WorkbenchWizardSelectionPage.getNextPage(WorkbenchWizardSelectionPage.java:101) [org.eclipse.ui.workbench_3.106.2.v20150204-1030.jar:na]
	at org.eclipse.ui.internal.dialogs.ImportExportPage.getNextPage(ImportExportPage.java:435) [org.eclipse.ui.workbench_3.106.2.v20150204-1030.jar:na]
	at org.eclipse.jface.wizard.WizardDialog.nextPressed(WizardDialog.java:935) [org.eclipse.jface_3.10.2.v20141021-1035.jar:na]
	at org.eclipse.jface.wizard.WizardDialog.buttonPressed(WizardDialog.java:434) [org.eclipse.jface_3.10.2.v20141021-1035.jar:na]
	at org.eclipse.jface.dialogs.Dialog$2.widgetSelected(Dialog.java:619) [org.eclipse.jface_3.10.2.v20141021-1035.jar:na]
	at org.eclipse.swt.widgets.TypedListener.handleEvent(TypedListener.java:248) [org.eclipse.swt.win32.win32.x86_3.103.2.v20150203-1351.jar:na]
	at org.eclipse.swt.widgets.EventTable.sendEvent(EventTable.java:84) [org.eclipse.swt.win32.win32.x86_3.103.2.v20150203-1351.jar:na]
	at org.eclipse.swt.widgets.Display.sendEvent(Display.java:4353) [org.eclipse.swt.win32.win32.x86_3.103.2.v20150203-1351.jar:na]
	at org.eclipse.swt.widgets.Widget.sendEvent(Widget.java:1061) [org.eclipse.swt.win32.win32.x86_3.103.2.v20150203-1351.jar:na]
	at org.eclipse.swt.widgets.Display.runDeferredEvents(Display.java:4172) [org.eclipse.swt.win32.win32.x86_3.103.2.v20150203-1351.jar:na]
	at org.eclipse.swt.widgets.Display.readAndDispatch(Display.java:3761) [org.eclipse.swt.win32.win32.x86_3.103.2.v20150203-1351.jar:na]
	at org.eclipse.jface.window.Window.runEventLoop(Window.java:832) [org.eclipse.jface_3.10.2.v20141021-1035.jar:na]
	at org.eclipse.jface.window.Window.open(Window.java:808) [org.eclipse.jface_3.10.2.v20141021-1035.jar:na]
	at org.eclipse.ui.internal.handlers.WizardHandler$Import.executeHandler(WizardHandler.java:158) [org.eclipse.ui.workbench_3.106.2.v20150204-1030.jar:na]
	at org.eclipse.ui.internal.handlers.WizardHandler.execute(WizardHandler.java:290) [org.eclipse.ui.workbench_3.106.2.v20150204-1030.jar:na]
	at org.eclipse.ui.internal.handlers.HandlerProxy.execute(HandlerProxy.java:294) [org.eclipse.ui.workbench_3.106.2.v20150204-1030.jar:na]
	at org.eclipse.ui.internal.handlers.E4HandlerProxy.execute(E4HandlerProxy.java:90) [org.eclipse.ui.workbench_3.106.2.v20150204-1030.jar:na]
	at sun.reflect.NativeMethodAccessorImpl.invoke0(Native Method) ~[na:1.6.0]
	at sun.reflect.NativeMethodAccessorImpl.invoke(NativeMethodAccessorImpl.java:48) ~[na:1.6.0]
	at sun.reflect.DelegatingMethodAccessorImpl.invoke(DelegatingMethodAccessorImpl.java:25) ~[na:1.6.0]
	at java.lang.reflect.Method.invoke(Method.java:600) ~[na:1.6.0]
	at org.eclipse.e4.core.internal.di.MethodRequestor.execute(MethodRequestor.java:55) [org.eclipse.e4.core.di_1.4.0.v20140414-1837.jar:na]
	at org.eclipse.e4.core.internal.di.InjectorImpl.invokeUsingClass(InjectorImpl.java:247) [org.eclipse.e4.core.di_1.4.0.v20140414-1837.jar:na]
	at org.eclipse.e4.core.internal.di.InjectorImpl.invoke(InjectorImpl.java:229) [org.eclipse.e4.core.di_1.4.0.v20140414-1837.jar:na]
	at org.eclipse.e4.core.contexts.ContextInjectionFactory.invoke(ContextInjectionFactory.java:132) [org.eclipse.e4.core.contexts_1.3.100.v20140407-1019.jar:na]
	at org.eclipse.e4.core.commands.internal.HandlerServiceHandler.execute(HandlerServiceHandler.java:149) [org.eclipse.e4.core.commands_0.10.2.v20140424-2344.jar:na]
	at org.eclipse.core.commands.Command.executeWithChecks(Command.java:499) [org.eclipse.core.commands_3.6.100.v20140528-1422.jar:na]
	at org.eclipse.core.commands.ParameterizedCommand.executeWithChecks(ParameterizedCommand.java:508) [org.eclipse.core.commands_3.6.100.v20140528-1422.jar:na]
	at org.eclipse.e4.core.commands.internal.HandlerServiceImpl.executeHandler(HandlerServiceImpl.java:210) [org.eclipse.e4.core.commands_0.10.2.v20140424-2344.jar:na]
	at org.eclipse.ui.internal.handlers.LegacyHandlerService.executeCommand(LegacyHandlerService.java:343) [org.eclipse.ui.workbench_3.106.2.v20150204-1030.jar:na]
	at org.eclipse.ui.internal.actions.CommandAction.runWithEvent(CommandAction.java:159) [org.eclipse.ui.workbench_3.106.2.v20150204-1030.jar:na]
	at org.eclipse.ui.internal.actions.CommandAction.run(CommandAction.java:174) [org.eclipse.ui.workbench_3.106.2.v20150204-1030.jar:na]
	at org.eclipse.ui.actions.ImportResourcesAction.run(ImportResourcesAction.java:99) [org.eclipse.ui.workbench_3.106.2.v20150204-1030.jar:na]
	at org.eclipse.ui.actions.BaseSelectionListenerAction.runWithEvent(BaseSelectionListenerAction.java:170) [org.eclipse.ui.workbench_3.106.2.v20150204-1030.jar:na]
	at org.eclipse.jface.action.ActionContributionItem.handleWidgetSelection(ActionContributionItem.java:595) [org.eclipse.jface_3.10.2.v20141021-1035.jar:na]
	at org.eclipse.jface.action.ActionContributionItem.access$2(ActionContributionItem.java:511) [org.eclipse.jface_3.10.2.v20141021-1035.jar:na]
	at org.eclipse.jface.action.ActionContributionItem$5.handleEvent(ActionContributionItem.java:420) [org.eclipse.jface_3.10.2.v20141021-1035.jar:na]
	at org.eclipse.swt.widgets.EventTable.sendEvent(EventTable.java:84) [org.eclipse.swt.win32.win32.x86_3.103.2.v20150203-1351.jar:na]
	at org.eclipse.swt.widgets.Display.sendEvent(Display.java:4353) [org.eclipse.swt.win32.win32.x86_3.103.2.v20150203-1351.jar:na]
	at org.eclipse.swt.widgets.Widget.sendEvent(Widget.java:1061) [org.eclipse.swt.win32.win32.x86_3.103.2.v20150203-1351.jar:na]
	at org.eclipse.swt.widgets.Display.runDeferredEvents(Display.java:4172) [org.eclipse.swt.win32.win32.x86_3.103.2.v20150203-1351.jar:na]
	at org.eclipse.swt.widgets.Display.readAndDispatch(Display.java:3761) [org.eclipse.swt.win32.win32.x86_3.103.2.v20150203-1351.jar:na]
	at org.eclipse.e4.ui.internal.workbench.swt.PartRenderingEngine$9.run(PartRenderingEngine.java:1151) [org.eclipse.e4.ui.workbench.swt_0.12.100.v20141126-1150.jar:na]
	at org.eclipse.core.databinding.observable.Realm.runWithDefault(Realm.java:332) [org.eclipse.core.databinding.observable_1.4.1.v20140210-1835.jar:na]
	at org.eclipse.e4.ui.internal.workbench.swt.PartRenderingEngine.run(PartRenderingEngine.java:1032) [org.eclipse.e4.ui.workbench.swt_0.12.100.v20141126-1150.jar:na]
	at org.eclipse.e4.ui.internal.workbench.E4Workbench.createAndRunUI(E4Workbench.java:148) [org.eclipse.e4.ui.workbench_1.2.2.v20141212-1259.jar:na]
	at org.eclipse.ui.internal.Workbench$5.run(Workbench.java:636) [org.eclipse.ui.workbench_3.106.2.v20150204-1030.jar:na]
	at org.eclipse.core.databinding.observable.Realm.runWithDefault(Realm.java:332) [org.eclipse.core.databinding.observable_1.4.1.v20140210-1835.jar:na]
	at org.eclipse.ui.internal.Workbench.createAndRunWorkbench(Workbench.java:579) [org.eclipse.ui.workbench_3.106.2.v20150204-1030.jar:na]
	at org.eclipse.ui.PlatformUI.createAndRunWorkbench(PlatformUI.java:150) [org.eclipse.ui.workbench_3.106.2.v20150204-1030.jar:na]
	at org.eclipse.ui.internal.ide.application.IDEApplication.start(IDEApplication.java:135) [org.eclipse.ui.ide.application_1.0.501.v20141111-1238.jar:na]
	at org.eclipse.equinox.internal.app.EclipseAppHandle.run(EclipseAppHandle.java:196) [org.eclipse.equinox.app_1.3.200.v20130910-1609.jar:na]
	at org.eclipse.core.runtime.internal.adaptor.EclipseAppLauncher.runApplication(EclipseAppLauncher.java:134) [org.eclipse.osgi_3.10.2.v20150203-1939.jar:na]
	at org.eclipse.core.runtime.internal.adaptor.EclipseAppLauncher.start(EclipseAppLauncher.java:104) [org.eclipse.osgi_3.10.2.v20150203-1939.jar:na]
	at org.eclipse.core.runtime.adaptor.EclipseStarter.run(EclipseStarter.java:380) [org.eclipse.osgi_3.10.2.v20150203-1939.jar:na]
	at org.eclipse.core.runtime.adaptor.EclipseStarter.run(EclipseStarter.java:235) [org.eclipse.osgi_3.10.2.v20150203-1939.jar:na]
	at sun.reflect.NativeMethodAccessorImpl.invoke0(Native Method) ~[na:1.6.0]
	at sun.reflect.NativeMethodAccessorImpl.invoke(NativeMethodAccessorImpl.java:48) ~[na:1.6.0]
	at sun.reflect.DelegatingMethodAccessorImpl.invoke(DelegatingMethodAccessorImpl.java:25) ~[na:1.6.0]
	at java.lang.reflect.Method.invoke(Method.java:600) ~[na:1.6.0]
	at org.eclipse.equinox.launcher.Main.invokeFramework(Main.java:648) [org.eclipse.equinox.launcher_1.3.0.v20140415-2008.jar:na]
	at org.eclipse.equinox.launcher.Main.basicRun(Main.java:603) [org.eclipse.equinox.launcher_1.3.0.v20140415-2008.jar:na]
	at org.eclipse.equinox.launcher.Main.run(Main.java:1465) [org.eclipse.equinox.launcher_1.3.0.v20140415-2008.jar:na]
	at org.eclipse.equinox.launcher.Main.main(Main.java:1438) [org.eclipse.equinox.launcher_1.3.0.v20140415-2008.jar:na]
